<?xml version="1.0" encoding="UTF-8"?>
<testsuite xmlns:xsi="http://www.w3.org/2001/XMLSchema-instance" xsi:noNamespaceSchemaLocation="https://maven.apache.org/surefire/maven-surefire-plugin/xsd/surefire-test-report-3.0.xsd" version="3.0" name="TestSuite" time="155.591" tests="38" errors="0" skipped="0" failures="0">
  <properties>
    <property name="java.specification.version" value="21"/>
    <property name="sun.cpu.isalist" value="amd64"/>
    <property name="sun.jnu.encoding" value="Cp1252"/>
    <property name="java.class.path" value="C:\Users\Ram prathees\eclipse-workspace\DCI.Meta_Automation\target\test-classes;C:\Users\Ram prathees\eclipse-workspace\DCI.Meta_Automation\target\classes;C:\Users\Ram prathees\.m2\repository\org\seleniumhq\selenium\selenium-java\4.18.1\selenium-java-4.18.1.jar;C:\Users\Ram prathees\.m2\repository\org\seleniumhq\selenium\selenium-api\4.18.1\selenium-api-4.18.1.jar;C:\Users\Ram prathees\.m2\repository\org\seleniumhq\selenium\selenium-chrome-driver\4.18.1\selenium-chrome-driver-4.18.1.jar;C:\Users\Ram prathees\.m2\repository\com\google\auto\service\auto-service-annotations\1.1.1\auto-service-annotations-1.1.1.jar;C:\Users\Ram prathees\.m2\repository\org\seleniumhq\selenium\selenium-chromium-driver\4.18.1\selenium-chromium-driver-4.18.1.jar;C:\Users\Ram prathees\.m2\repository\org\seleniumhq\selenium\selenium-json\4.18.1\selenium-json-4.18.1.jar;C:\Users\Ram prathees\.m2\repository\org\seleniumhq\selenium\selenium-manager\4.18.1\selenium-manager-4.18.1.jar;C:\Users\Ram prathees\.m2\repository\org\seleniumhq\selenium\selenium-devtools-v120\4.18.1\selenium-devtools-v120-4.18.1.jar;C:\Users\Ram prathees\.m2\repository\org\seleniumhq\selenium\selenium-devtools-v121\4.18.1\selenium-devtools-v121-4.18.1.jar;C:\Users\Ram prathees\.m2\repository\org\seleniumhq\selenium\selenium-devtools-v122\4.18.1\selenium-devtools-v122-4.18.1.jar;C:\Users\Ram prathees\.m2\repository\org\seleniumhq\selenium\selenium-devtools-v85\4.18.1\selenium-devtools-v85-4.18.1.jar;C:\Users\Ram prathees\.m2\repository\org\seleniumhq\selenium\selenium-edge-driver\4.18.1\selenium-edge-driver-4.18.1.jar;C:\Users\Ram prathees\.m2\repository\org\seleniumhq\selenium\selenium-firefox-driver\4.18.1\selenium-firefox-driver-4.18.1.jar;C:\Users\Ram prathees\.m2\repository\org\seleniumhq\selenium\selenium-http\4.18.1\selenium-http-4.18.1.jar;C:\Users\Ram prathees\.m2\repository\dev\failsafe\failsafe\3.3.2\failsafe-3.3.2.jar;C:\Users\Ram prathees\.m2\repository\org\seleniumhq\selenium\selenium-ie-driver\4.18.1\selenium-ie-driver-4.18.1.jar;C:\Users\Ram prathees\.m2\repository\org\seleniumhq\selenium\selenium-remote-driver\4.18.1\selenium-remote-driver-4.18.1.jar;C:\Users\Ram prathees\.m2\repository\com\google\guava\guava\33.0.0-jre\guava-33.0.0-jre.jar;C:\Users\Ram prathees\.m2\repository\com\google\guava\failureaccess\1.0.2\failureaccess-1.0.2.jar;C:\Users\Ram prathees\.m2\repository\com\google\guava\listenablefuture\9999.0-empty-to-avoid-conflict-with-guava\listenablefuture-9999.0-empty-to-avoid-conflict-with-guava.jar;C:\Users\Ram prathees\.m2\repository\com\google\code\findbugs\jsr305\3.0.2\jsr305-3.0.2.jar;C:\Users\Ram prathees\.m2\repository\org\checkerframework\checker-qual\3.41.0\checker-qual-3.41.0.jar;C:\Users\Ram prathees\.m2\repository\com\google\errorprone\error_prone_annotations\2.23.0\error_prone_annotations-2.23.0.jar;C:\Users\Ram prathees\.m2\repository\com\google\j2objc\j2objc-annotations\2.8\j2objc-annotations-2.8.jar;C:\Users\Ram prathees\.m2\repository\io\opentelemetry\semconv\opentelemetry-semconv\1.23.1-alpha\opentelemetry-semconv-1.23.1-alpha.jar;C:\Users\Ram prathees\.m2\repository\io\opentelemetry\opentelemetry-api\1.35.0\opentelemetry-api-1.35.0.jar;C:\Users\Ram prathees\.m2\repository\io\opentelemetry\opentelemetry-context\1.35.0\opentelemetry-context-1.35.0.jar;C:\Users\Ram prathees\.m2\repository\io\opentelemetry\opentelemetry-exporter-logging\1.35.0\opentelemetry-exporter-logging-1.35.0.jar;C:\Users\Ram prathees\.m2\repository\io\opentelemetry\opentelemetry-sdk-common\1.35.0\opentelemetry-sdk-common-1.35.0.jar;C:\Users\Ram prathees\.m2\repository\io\opentelemetry\opentelemetry-sdk-extension-autoconfigure-spi\1.35.0\opentelemetry-sdk-extension-autoconfigure-spi-1.35.0.jar;C:\Users\Ram prathees\.m2\repository\io\opentelemetry\opentelemetry-sdk-extension-autoconfigure\1.35.0\opentelemetry-sdk-extension-autoconfigure-1.35.0.jar;C:\Users\Ram prathees\.m2\repository\io\opentelemetry\opentelemetry-api-events\1.35.0-alpha\opentelemetry-api-events-1.35.0-alpha.jar;C:\Users\Ram prathees\.m2\repository\io\opentelemetry\opentelemetry-sdk-trace\1.35.0\opentelemetry-sdk-trace-1.35.0.jar;C:\Users\Ram prathees\.m2\repository\io\opentelemetry\opentelemetry-extension-incubator\1.35.0-alpha\opentelemetry-extension-incubator-1.35.0-alpha.jar;C:\Users\Ram prathees\.m2\repository\io\opentelemetry\opentelemetry-sdk\1.35.0\opentelemetry-sdk-1.35.0.jar;C:\Users\Ram prathees\.m2\repository\io\opentelemetry\opentelemetry-sdk-metrics\1.35.0\opentelemetry-sdk-metrics-1.35.0.jar;C:\Users\Ram prathees\.m2\repository\io\opentelemetry\opentelemetry-sdk-logs\1.35.0\opentelemetry-sdk-logs-1.35.0.jar;C:\Users\Ram prathees\.m2\repository\net\bytebuddy\byte-buddy\1.14.12\byte-buddy-1.14.12.jar;C:\Users\Ram prathees\.m2\repository\org\seleniumhq\selenium\selenium-os\4.18.1\selenium-os-4.18.1.jar;C:\Users\Ram prathees\.m2\repository\org\apache\commons\commons-exec\1.3\commons-exec-1.3.jar;C:\Users\Ram prathees\.m2\repository\org\seleniumhq\selenium\selenium-safari-driver\4.18.1\selenium-safari-driver-4.18.1.jar;C:\Users\Ram prathees\.m2\repository\org\seleniumhq\selenium\selenium-support\4.18.1\selenium-support-4.18.1.jar;C:\Users\Ram prathees\.m2\repository\org\testng\testng\7.9.0\testng-7.9.0.jar;C:\Users\Ram prathees\.m2\repository\org\slf4j\slf4j-api\1.7.36\slf4j-api-1.7.36.jar;C:\Users\Ram prathees\.m2\repository\com\beust\jcommander\1.82\jcommander-1.82.jar;C:\Users\Ram prathees\.m2\repository\org\webjars\jquery\3.7.1\jquery-3.7.1.jar;C:\Users\Ram prathees\.m2\repository\io\github\bonigarcia\webdrivermanager\5.7.0\webdrivermanager-5.7.0.jar;C:\Users\Ram prathees\.m2\repository\com\google\code\gson\gson\2.10.1\gson-2.10.1.jar;C:\Users\Ram prathees\.m2\repository\com\github\docker-java\docker-java\3.3.5\docker-java-3.3.5.jar;C:\Users\Ram prathees\.m2\repository\com\github\docker-java\docker-java-core\3.3.5\docker-java-core-3.3.5.jar;C:\Users\Ram prathees\.m2\repository\com\github\docker-java\docker-java-api\3.3.5\docker-java-api-3.3.5.jar;C:\Users\Ram prathees\.m2\repository\com\fasterxml\jackson\core\jackson-annotations\2.10.3\jackson-annotations-2.10.3.jar;C:\Users\Ram prathees\.m2\repository\com\fasterxml\jackson\core\jackson-databind\2.10.3\jackson-databind-2.10.3.jar;C:\Users\Ram prathees\.m2\repository\com\fasterxml\jackson\core\jackson-core\2.10.3\jackson-core-2.10.3.jar;C:\Users\Ram prathees\.m2\repository\org\bouncycastle\bcpkix-jdk18on\1.76\bcpkix-jdk18on-1.76.jar;C:\Users\Ram prathees\.m2\repository\org\bouncycastle\bcprov-jdk18on\1.76\bcprov-jdk18on-1.76.jar;C:\Users\Ram prathees\.m2\repository\org\bouncycastle\bcutil-jdk18on\1.76\bcutil-jdk18on-1.76.jar;C:\Users\Ram prathees\.m2\repository\org\slf4j\jcl-over-slf4j\1.7.30\jcl-over-slf4j-1.7.30.jar;C:\Users\Ram prathees\.m2\repository\com\github\docker-java\docker-java-transport-httpclient5\3.3.5\docker-java-transport-httpclient5-3.3.5.jar;C:\Users\Ram prathees\.m2\repository\com\github\docker-java\docker-java-transport\3.3.5\docker-java-transport-3.3.5.jar;C:\Users\Ram prathees\.m2\repository\net\java\dev\jna\jna\5.13.0\jna-5.13.0.jar;C:\Users\Ram prathees\.m2\repository\org\brotli\dec\0.1.2\dec-0.1.2.jar;C:\Users\Ram prathees\.m2\repository\org\apache\commons\commons-compress\1.26.0\commons-compress-1.26.0.jar;C:\Users\Ram prathees\.m2\repository\org\apache\httpcomponents\client5\httpclient5\5.2.1\httpclient5-5.2.1.jar;C:\Users\Ram prathees\.m2\repository\org\apache\httpcomponents\core5\httpcore5\5.2\httpcore5-5.2.jar;C:\Users\Ram prathees\.m2\repository\org\apache\httpcomponents\core5\httpcore5-h2\5.2\httpcore5-h2-5.2.jar;C:\Users\Ram prathees\.m2\repository\log4j\log4j\1.2.17\log4j-1.2.17.jar;C:\Users\Ram prathees\.m2\repository\com\aventstack\extentreports\5.0.9\extentreports-5.0.9.jar;C:\Users\Ram prathees\.m2\repository\io\reactivex\rxjava3\rxjava\3.0.4\rxjava-3.0.4.jar;C:\Users\Ram prathees\.m2\repository\org\reactivestreams\reactive-streams\1.0.3\reactive-streams-1.0.3.jar;C:\Users\Ram prathees\.m2\repository\org\freemarker\freemarker\2.3.30\freemarker-2.3.30.jar;C:\Users\Ram prathees\.m2\repository\org\projectlombok\lombok\1.18.12\lombok-1.18.12.jar;C:\Users\Ram prathees\.m2\repository\org\apache\commons\commons-lang3\3.14.0\commons-lang3-3.14.0.jar;C:\Users\Ram prathees\.m2\repository\org\apache\poi\poi\5.2.3\poi-5.2.3.jar;C:\Users\Ram prathees\.m2\repository\commons-codec\commons-codec\1.15\commons-codec-1.15.jar;C:\Users\Ram prathees\.m2\repository\org\apache\commons\commons-collections4\4.4\commons-collections4-4.4.jar;C:\Users\Ram prathees\.m2\repository\org\apache\commons\commons-math3\3.6.1\commons-math3-3.6.1.jar;C:\Users\Ram prathees\.m2\repository\com\zaxxer\SparseBitSet\1.2\SparseBitSet-1.2.jar;C:\Users\Ram prathees\.m2\repository\org\apache\logging\log4j\log4j-api\2.18.0\log4j-api-2.18.0.jar;C:\Users\Ram prathees\.m2\repository\org\apache\poi\poi-ooxml\5.2.3\poi-ooxml-5.2.3.jar;C:\Users\Ram prathees\.m2\repository\org\apache\poi\poi-ooxml-lite\5.2.3\poi-ooxml-lite-5.2.3.jar;C:\Users\Ram prathees\.m2\repository\org\apache\xmlbeans\xmlbeans\5.1.1\xmlbeans-5.1.1.jar;C:\Users\Ram prathees\.m2\repository\com\github\virtuald\curvesapi\1.07\curvesapi-1.07.jar;C:\Users\Ram prathees\.m2\repository\commons-io\commons-io\2.16.1\commons-io-2.16.1.jar;C:\Users\Ram prathees\.m2\repository\ru\yandex\qatools\ashot\ashot\1.5.4\ashot-1.5.4.jar;C:\Users\Ram prathees\.m2\repository\org\hamcrest\hamcrest-core\1.3\hamcrest-core-1.3.jar;"/>
    <property name="java.vm.vendor" value="Oracle Corporation"/>
    <property name="sun.arch.data.model" value="64"/>
    <property name="user.variant" value=""/>
    <property name="java.vendor.url" value="https://java.oracle.com/"/>
    <property name="user.timezone" value="Asia/Calcutta"/>
    <property name="os.name" value="Windows 10"/>
    <property name="java.vm.specification.version" value="21"/>
    <property name="sun.java.launcher" value="SUN_STANDARD"/>
    <property name="user.country" value="IN"/>
    <property name="sun.boot.library.path" value="C:\Program Files\Java\jdk-21\bin"/>
    <property name="sun.java.command" value="C:\Users\Ram prathees\AppData\Local\Temp\surefire974255129093009233\surefirebooter-20250620183632211_3.jar C:\Users\Ram prathees\AppData\Local\Temp\surefire974255129093009233 2025-06-20T18-36-32_055-jvmRun1 surefire-20250620183632211_1tmp surefire_0-20250620183632211_2tmp"/>
    <property name="jdk.debug" value="release"/>
    <property name="surefire.test.class.path" value="C:\Users\Ram prathees\eclipse-workspace\DCI.Meta_Automation\target\test-classes;C:\Users\Ram prathees\eclipse-workspace\DCI.Meta_Automation\target\classes;C:\Users\Ram prathees\.m2\repository\org\seleniumhq\selenium\selenium-java\4.18.1\selenium-java-4.18.1.jar;C:\Users\Ram prathees\.m2\repository\org\seleniumhq\selenium\selenium-api\4.18.1\selenium-api-4.18.1.jar;C:\Users\Ram prathees\.m2\repository\org\seleniumhq\selenium\selenium-chrome-driver\4.18.1\selenium-chrome-driver-4.18.1.jar;C:\Users\Ram prathees\.m2\repository\com\google\auto\service\auto-service-annotations\1.1.1\auto-service-annotations-1.1.1.jar;C:\Users\Ram prathees\.m2\repository\org\seleniumhq\selenium\selenium-chromium-driver\4.18.1\selenium-chromium-driver-4.18.1.jar;C:\Users\Ram prathees\.m2\repository\org\seleniumhq\selenium\selenium-json\4.18.1\selenium-json-4.18.1.jar;C:\Users\Ram prathees\.m2\repository\org\seleniumhq\selenium\selenium-manager\4.18.1\selenium-manager-4.18.1.jar;C:\Users\Ram prathees\.m2\repository\org\seleniumhq\selenium\selenium-devtools-v120\4.18.1\selenium-devtools-v120-4.18.1.jar;C:\Users\Ram prathees\.m2\repository\org\seleniumhq\selenium\selenium-devtools-v121\4.18.1\selenium-devtools-v121-4.18.1.jar;C:\Users\Ram prathees\.m2\repository\org\seleniumhq\selenium\selenium-devtools-v122\4.18.1\selenium-devtools-v122-4.18.1.jar;C:\Users\Ram prathees\.m2\repository\org\seleniumhq\selenium\selenium-devtools-v85\4.18.1\selenium-devtools-v85-4.18.1.jar;C:\Users\Ram prathees\.m2\repository\org\seleniumhq\selenium\selenium-edge-driver\4.18.1\selenium-edge-driver-4.18.1.jar;C:\Users\Ram prathees\.m2\repository\org\seleniumhq\selenium\selenium-firefox-driver\4.18.1\selenium-firefox-driver-4.18.1.jar;C:\Users\Ram prathees\.m2\repository\org\seleniumhq\selenium\selenium-http\4.18.1\selenium-http-4.18.1.jar;C:\Users\Ram prathees\.m2\repository\dev\failsafe\failsafe\3.3.2\failsafe-3.3.2.jar;C:\Users\Ram prathees\.m2\repository\org\seleniumhq\selenium\selenium-ie-driver\4.18.1\selenium-ie-driver-4.18.1.jar;C:\Users\Ram prathees\.m2\repository\org\seleniumhq\selenium\selenium-remote-driver\4.18.1\selenium-remote-driver-4.18.1.jar;C:\Users\Ram prathees\.m2\repository\com\google\guava\guava\33.0.0-jre\guava-33.0.0-jre.jar;C:\Users\Ram prathees\.m2\repository\com\google\guava\failureaccess\1.0.2\failureaccess-1.0.2.jar;C:\Users\Ram prathees\.m2\repository\com\google\guava\listenablefuture\9999.0-empty-to-avoid-conflict-with-guava\listenablefuture-9999.0-empty-to-avoid-conflict-with-guava.jar;C:\Users\Ram prathees\.m2\repository\com\google\code\findbugs\jsr305\3.0.2\jsr305-3.0.2.jar;C:\Users\Ram prathees\.m2\repository\org\checkerframework\checker-qual\3.41.0\checker-qual-3.41.0.jar;C:\Users\Ram prathees\.m2\repository\com\google\errorprone\error_prone_annotations\2.23.0\error_prone_annotations-2.23.0.jar;C:\Users\Ram prathees\.m2\repository\com\google\j2objc\j2objc-annotations\2.8\j2objc-annotations-2.8.jar;C:\Users\Ram prathees\.m2\repository\io\opentelemetry\semconv\opentelemetry-semconv\1.23.1-alpha\opentelemetry-semconv-1.23.1-alpha.jar;C:\Users\Ram prathees\.m2\repository\io\opentelemetry\opentelemetry-api\1.35.0\opentelemetry-api-1.35.0.jar;C:\Users\Ram prathees\.m2\repository\io\opentelemetry\opentelemetry-context\1.35.0\opentelemetry-context-1.35.0.jar;C:\Users\Ram prathees\.m2\repository\io\opentelemetry\opentelemetry-exporter-logging\1.35.0\opentelemetry-exporter-logging-1.35.0.jar;C:\Users\Ram prathees\.m2\repository\io\opentelemetry\opentelemetry-sdk-common\1.35.0\opentelemetry-sdk-common-1.35.0.jar;C:\Users\Ram prathees\.m2\repository\io\opentelemetry\opentelemetry-sdk-extension-autoconfigure-spi\1.35.0\opentelemetry-sdk-extension-autoconfigure-spi-1.35.0.jar;C:\Users\Ram prathees\.m2\repository\io\opentelemetry\opentelemetry-sdk-extension-autoconfigure\1.35.0\opentelemetry-sdk-extension-autoconfigure-1.35.0.jar;C:\Users\Ram prathees\.m2\repository\io\opentelemetry\opentelemetry-api-events\1.35.0-alpha\opentelemetry-api-events-1.35.0-alpha.jar;C:\Users\Ram prathees\.m2\repository\io\opentelemetry\opentelemetry-sdk-trace\1.35.0\opentelemetry-sdk-trace-1.35.0.jar;C:\Users\Ram prathees\.m2\repository\io\opentelemetry\opentelemetry-extension-incubator\1.35.0-alpha\opentelemetry-extension-incubator-1.35.0-alpha.jar;C:\Users\Ram prathees\.m2\repository\io\opentelemetry\opentelemetry-sdk\1.35.0\opentelemetry-sdk-1.35.0.jar;C:\Users\Ram prathees\.m2\repository\io\opentelemetry\opentelemetry-sdk-metrics\1.35.0\opentelemetry-sdk-metrics-1.35.0.jar;C:\Users\Ram prathees\.m2\repository\io\opentelemetry\opentelemetry-sdk-logs\1.35.0\opentelemetry-sdk-logs-1.35.0.jar;C:\Users\Ram prathees\.m2\repository\net\bytebuddy\byte-buddy\1.14.12\byte-buddy-1.14.12.jar;C:\Users\Ram prathees\.m2\repository\org\seleniumhq\selenium\selenium-os\4.18.1\selenium-os-4.18.1.jar;C:\Users\Ram prathees\.m2\repository\org\apache\commons\commons-exec\1.3\commons-exec-1.3.jar;C:\Users\Ram prathees\.m2\repository\org\seleniumhq\selenium\selenium-safari-driver\4.18.1\selenium-safari-driver-4.18.1.jar;C:\Users\Ram prathees\.m2\repository\org\seleniumhq\selenium\selenium-support\4.18.1\selenium-support-4.18.1.jar;C:\Users\Ram prathees\.m2\repository\org\testng\testng\7.9.0\testng-7.9.0.jar;C:\Users\Ram prathees\.m2\repository\org\slf4j\slf4j-api\1.7.36\slf4j-api-1.7.36.jar;C:\Users\Ram prathees\.m2\repository\com\beust\jcommander\1.82\jcommander-1.82.jar;C:\Users\Ram prathees\.m2\repository\org\webjars\jquery\3.7.1\jquery-3.7.1.jar;C:\Users\Ram prathees\.m2\repository\io\github\bonigarcia\webdrivermanager\5.7.0\webdrivermanager-5.7.0.jar;C:\Users\Ram prathees\.m2\repository\com\google\code\gson\gson\2.10.1\gson-2.10.1.jar;C:\Users\Ram prathees\.m2\repository\com\github\docker-java\docker-java\3.3.5\docker-java-3.3.5.jar;C:\Users\Ram prathees\.m2\repository\com\github\docker-java\docker-java-core\3.3.5\docker-java-core-3.3.5.jar;C:\Users\Ram prathees\.m2\repository\com\github\docker-java\docker-java-api\3.3.5\docker-java-api-3.3.5.jar;C:\Users\Ram prathees\.m2\repository\com\fasterxml\jackson\core\jackson-annotations\2.10.3\jackson-annotations-2.10.3.jar;C:\Users\Ram prathees\.m2\repository\com\fasterxml\jackson\core\jackson-databind\2.10.3\jackson-databind-2.10.3.jar;C:\Users\Ram prathees\.m2\repository\com\fasterxml\jackson\core\jackson-core\2.10.3\jackson-core-2.10.3.jar;C:\Users\Ram prathees\.m2\repository\org\bouncycastle\bcpkix-jdk18on\1.76\bcpkix-jdk18on-1.76.jar;C:\Users\Ram prathees\.m2\repository\org\bouncycastle\bcprov-jdk18on\1.76\bcprov-jdk18on-1.76.jar;C:\Users\Ram prathees\.m2\repository\org\bouncycastle\bcutil-jdk18on\1.76\bcutil-jdk18on-1.76.jar;C:\Users\Ram prathees\.m2\repository\org\slf4j\jcl-over-slf4j\1.7.30\jcl-over-slf4j-1.7.30.jar;C:\Users\Ram prathees\.m2\repository\com\github\docker-java\docker-java-transport-httpclient5\3.3.5\docker-java-transport-httpclient5-3.3.5.jar;C:\Users\Ram prathees\.m2\repository\com\github\docker-java\docker-java-transport\3.3.5\docker-java-transport-3.3.5.jar;C:\Users\Ram prathees\.m2\repository\net\java\dev\jna\jna\5.13.0\jna-5.13.0.jar;C:\Users\Ram prathees\.m2\repository\org\brotli\dec\0.1.2\dec-0.1.2.jar;C:\Users\Ram prathees\.m2\repository\org\apache\commons\commons-compress\1.26.0\commons-compress-1.26.0.jar;C:\Users\Ram prathees\.m2\repository\org\apache\httpcomponents\client5\httpclient5\5.2.1\httpclient5-5.2.1.jar;C:\Users\Ram prathees\.m2\repository\org\apache\httpcomponents\core5\httpcore5\5.2\httpcore5-5.2.jar;C:\Users\Ram prathees\.m2\repository\org\apache\httpcomponents\core5\httpcore5-h2\5.2\httpcore5-h2-5.2.jar;C:\Users\Ram prathees\.m2\repository\log4j\log4j\1.2.17\log4j-1.2.17.jar;C:\Users\Ram prathees\.m2\repository\com\aventstack\extentreports\5.0.9\extentreports-5.0.9.jar;C:\Users\Ram prathees\.m2\repository\io\reactivex\rxjava3\rxjava\3.0.4\rxjava-3.0.4.jar;C:\Users\Ram prathees\.m2\repository\org\reactivestreams\reactive-streams\1.0.3\reactive-streams-1.0.3.jar;C:\Users\Ram prathees\.m2\repository\org\freemarker\freemarker\2.3.30\freemarker-2.3.30.jar;C:\Users\Ram prathees\.m2\repository\org\projectlombok\lombok\1.18.12\lombok-1.18.12.jar;C:\Users\Ram prathees\.m2\repository\org\apache\commons\commons-lang3\3.14.0\commons-lang3-3.14.0.jar;C:\Users\Ram prathees\.m2\repository\org\apache\poi\poi\5.2.3\poi-5.2.3.jar;C:\Users\Ram prathees\.m2\repository\commons-codec\commons-codec\1.15\commons-codec-1.15.jar;C:\Users\Ram prathees\.m2\repository\org\apache\commons\commons-collections4\4.4\commons-collections4-4.4.jar;C:\Users\Ram prathees\.m2\repository\org\apache\commons\commons-math3\3.6.1\commons-math3-3.6.1.jar;C:\Users\Ram prathees\.m2\repository\com\zaxxer\SparseBitSet\1.2\SparseBitSet-1.2.jar;C:\Users\Ram prathees\.m2\repository\org\apache\logging\log4j\log4j-api\2.18.0\log4j-api-2.18.0.jar;C:\Users\Ram prathees\.m2\repository\org\apache\poi\poi-ooxml\5.2.3\poi-ooxml-5.2.3.jar;C:\Users\Ram prathees\.m2\repository\org\apache\poi\poi-ooxml-lite\5.2.3\poi-ooxml-lite-5.2.3.jar;C:\Users\Ram prathees\.m2\repository\org\apache\xmlbeans\xmlbeans\5.1.1\xmlbeans-5.1.1.jar;C:\Users\Ram prathees\.m2\repository\com\github\virtuald\curvesapi\1.07\curvesapi-1.07.jar;C:\Users\Ram prathees\.m2\repository\commons-io\commons-io\2.16.1\commons-io-2.16.1.jar;C:\Users\Ram prathees\.m2\repository\ru\yandex\qatools\ashot\ashot\1.5.4\ashot-1.5.4.jar;C:\Users\Ram prathees\.m2\repository\org\hamcrest\hamcrest-core\1.3\hamcrest-core-1.3.jar;"/>
    <property name="sun.cpu.endian" value="little"/>
    <property name="user.home" value="C:\Users\Ram prathees"/>
    <property name="user.language" value="en"/>
    <property name="java.specification.vendor" value="Oracle Corporation"/>
    <property name="java.version.date" value="2024-04-16"/>
    <property name="java.home" value="C:\Program Files\Java\jdk-21"/>
    <property name="file.separator" value="\"/>
    <property name="basedir" value="C:\Users\Ram prathees\eclipse-workspace\DCI.Meta_Automation"/>
    <property name="java.vm.compressedOopsMode" value="32-bit"/>
    <property name="line.separator" value="&#10;"/>
    <property name="java.vm.specification.vendor" value="Oracle Corporation"/>
    <property name="java.specification.name" value="Java Platform API Specification"/>
    <property name="surefire.real.class.path" value="C:\Users\Ram prathees\AppData\Local\Temp\surefire974255129093009233\surefirebooter-20250620183632211_3.jar"/>
    <property name="user.script" value=""/>
    <property name="sun.management.compiler" value="HotSpot 64-Bit Tiered Compilers"/>
    <property name="java.runtime.version" value="21.0.3+7-LTS-152"/>
    <property name="user.name" value="Ram prathees"/>
    <property name="stdout.encoding" value="Cp1252"/>
    <property name="path.separator" value=";"/>
    <property name="os.version" value="10.0"/>
    <property name="java.runtime.name" value="Java(TM) SE Runtime Environment"/>
    <property name="file.encoding" value="UTF-8"/>
    <property name="java.vm.name" value="Java HotSpot(TM) 64-Bit Server VM"/>
    <property name="localRepository" value="C:\Users\Ram prathees\.m2\repository"/>
    <property name="java.vendor.url.bug" value="https://bugreport.java.com/bugreport/"/>
    <property name="java.io.tmpdir" value="C:\Users\RAMPRA~1\AppData\Local\Temp\"/>
    <property name="java.version" value="21.0.3"/>
    <property name="user.dir" value="C:\Users\Ram prathees\eclipse-workspace\DCI.Meta_Automation"/>
    <property name="os.arch" value="amd64"/>
    <property name="java.vm.specification.name" value="Java Virtual Machine Specification"/>
    <property name="sun.os.patch.level" value=""/>
    <property name="native.encoding" value="Cp1252"/>
    <property name="java.library.path" value="C:\Program Files\Java\jdk-21\bin;C:\Windows\Sun\Java\bin;C:\Windows\system32;C:\Windows;C:\Program Files\Common Files\Oracle\Java\javapath;C:\Program Files (x86)\Common Files\Intel\Shared Libraries\redist\intel64\compiler;C:\Windows\system32;C:\Windows;C:\Windows\System32\Wbem;C:\Windows\System32\WindowsPowerShell\v1.0\;C:\Windows\System32\OpenSSH\;C:\Program Files\PuTTY\;C:\Users\Ram prathees\Downloads\apache-maven-3.9.8-bin\apache-maven-3.9.8\bin;C:\Program Files\Java\jdk-21\bin;C:\Program Files\Git\cmd;C:\Users\Ram prathees\AppData\Local\nvm;C:\nvm4w\nodejs;C:\Program Files\MySQL\MySQL Shell 8.0\bin\;C:\Users\Ram prathees\AppData\Local\Microsoft\WindowsApps;C:\Users\Ram prathees\AppData\Roaming\npm;C:\Users\Ram prathees\AppData\Local\Programs\Microsoft VS Code\bin;C:\Program Files\JetBrains\IntelliJ IDEA 2024.3.3\bin;;C:\Program Files\JetBrains\IntelliJ IDEA Community Edition 2024.3.3\bin;;C:\Users\Ram prathees\AppData\Local\nvm;C:\nvm4w\nodejs;."/>
    <property name="java.vm.info" value="mixed mode, sharing"/>
    <property name="stderr.encoding" value="Cp1252"/>
    <property name="java.vendor" value="Oracle Corporation"/>
    <property name="java.vm.version" value="21.0.3+7-LTS-152"/>
    <property name="sun.io.unicode.encoding" value="UnicodeLittle"/>
    <property name="java.class.version" value="65.0"/>
  </properties>
  <testcase name="Fetchdata" classname="Test_Case.Meta_Master_Code" time="77.49">
    <system-out><![CDATA[URL Entered
Scroll: 0
Scroll: 1
Scroll: 2
Scroll: 3
Scroll: 4
Scroll: 5
Scroll: 6
Scroll: 7
Scroll: 8
Scroll: 9
Scroll: 10
Excel file created successfully!
Total link is 54
1 - Link is disabled
Data written successfully.
Data written successfully.
4 - Link is disabled
5 - Link is disabled
6 - Link is disabled
7 - Link is disabled
8 - Link is disabled
9 - Link is disabled
10 - Link is disabled
11 - Link is disabled
12 - Link is disabled
13 - Link is disabled
14 - Link is disabled
15 - Link is disabled
16 - Link is disabled
17 - Link is disabled
18 - Link is disabled
Data written successfully.
Data written successfully.
Data written successfully.
Data written successfully.
23 - Link is disabled
Data written successfully.
Data written successfully.
Data written successfully.
Data written successfully.
Data written successfully.
Data written successfully.
Data written successfully.
Data written successfully.
Data written successfully.
Data written successfully.
Data written successfully.
Data written successfully.
Data written successfully.
Data written successfully.
Data written successfully.
Data written successfully.
Data written successfully.
Data written successfully.
Data written successfully.
Data written successfully.
Data written successfully.
Data written successfully.
Data written successfully.
Data written successfully.
Data written successfully.
Data written successfully.
Data written successfully.
Data written successfully.
Data written successfully.
Data written successfully.
Data written successfully.
]]></system-out>
    <system-err><![CDATA[SLF4J: Failed to load class "org.slf4j.impl.StaticLoggerBinder".
SLF4J: Defaulting to no-operation (NOP) logger implementation
SLF4J: See http://www.slf4j.org/codes.html#StaticLoggerBinder for further details.
Jun 20, 2025 6:36:35 PM org.openqa.selenium.devtools.CdpVersionFinder findNearestMatch
WARNING: Unable to find CDP implementation matching 137
Jun 20, 2025 6:36:35 PM org.openqa.selenium.chromium.ChromiumDriver lambda$new$5
WARNING: Unable to find version of CDP to use for 137.0.7151.120. You may need to include a dependency on a specific version of the CDP using something similar to `org.seleniumhq.selenium:selenium-devtools-v86:4.18.1` where the version ("v86") matches the version of the chromium-based browser you're using and the version number of the artifact is the same as Selenium's.
ERROR StatusLogger Log4j2 could not find a logging implementation. Please add log4j-core to the classpath. Using SimpleLogger to log to the console...
]]></system-err>
  </testcase>
  <testcase name="analyseURLs[https://l.facebook.com/l.php?u=http%3A%2F%2Fplay.google.com%2Fstore%2Fapps%2Fdetails%3Fid%3Dcom.recoveryphotos.videos.allfiles&amp;h=AT2518dKX-LL0oR7zQh3GJXyI-IVm3kSxlECFfA8r5X2UcIKkBkuQqI-LuSjuCxqzhwWj7iGrfPKwmpPvOsmGcUlOR7oxT2Ntcn0L4-RBe6BSQg7EX7PK7eFo2PbQ6B9Y4DopigXuOMPpacRhOVAnA](1)" classname="Test_Case.Meta_Master_Code" time="2.092">
    <system-out><![CDATA[5000000
0 - The Downloads is more than 1M
]]></system-out>
  </testcase>
  <testcase name="analyseURLs[https://l.facebook.com/l.php?u=http%3A%2F%2Fplay.google.com%2Fstore%2Fapps%2Fdetails%3Fid%3Dcom.aichat.chabot.aiassistant&amp;h=AT2518dKX-LL0oR7zQh3GJXyI-IVm3kSxlECFfA8r5X2UcIKkBkuQqI-LuSjuCxqzhwWj7iGrfPKwmpPvOsmGcUlOR7oxT2Ntcn0L4-RBe6BSQg7EX7PK7eFo2PbQ6B9Y4DopigXuOMPpacRhOVAnA](2)" classname="Test_Case.Meta_Master_Code" time="1.573">
    <system-out><![CDATA[500000
Parsed rating: 2.7
Data written successfully: https://play.google.com/store/apps/details?id=com.aichat.chabot.aiassistant
Duplicate entry in the Mastersheet
The rating is less than 4.5
1 - link in written
]]></system-out>
  </testcase>
  <testcase name="analyseURLs[https://l.facebook.com/l.php?u=https%3A%2F%2Fplay.google.com%2Fstore%2Fapps%2Fdetails%3Fid%3Dcom.changdu.mobovideo&amp;h=AT2518dKX-LL0oR7zQh3GJXyI-IVm3kSxlECFfA8r5X2UcIKkBkuQqI-LuSjuCxqzhwWj7iGrfPKwmpPvOsmGcUlOR7oxT2Ntcn0L4-RBe6BSQg7EX7PK7eFo2PbQ6B9Y4DopigXuOMPpacRhOVAnA](3)" classname="Test_Case.Meta_Master_Code" time="1.331">
    <system-out><![CDATA[10000000
2 - The Downloads is more than 1M
]]></system-out>
  </testcase>
  <testcase name="analyseURLs[https://l.facebook.com/l.php?u=https%3A%2F%2Fplay.google.com%2Fstore%2Fapps%2Fdetails%3Fid%3Dcom.changdu.mobovideo&amp;h=AT2518dKX-LL0oR7zQh3GJXyI-IVm3kSxlECFfA8r5X2UcIKkBkuQqI-LuSjuCxqzhwWj7iGrfPKwmpPvOsmGcUlOR7oxT2Ntcn0L4-RBe6BSQg7EX7PK7eFo2PbQ6B9Y4DopigXuOMPpacRhOVAnA](4)" classname="Test_Case.Meta_Master_Code" time="1.319">
    <system-out><![CDATA[10000000
3 - The Downloads is more than 1M
]]></system-out>
  </testcase>
  <testcase name="analyseURLs[https://l.facebook.com/l.php?u=https%3A%2F%2Fplay.google.com%2Fstore%2Fapps%2Fdetails%3Fid%3Dcom.changdu.mobovideo&amp;h=AT2518dKX-LL0oR7zQh3GJXyI-IVm3kSxlECFfA8r5X2UcIKkBkuQqI-LuSjuCxqzhwWj7iGrfPKwmpPvOsmGcUlOR7oxT2Ntcn0L4-RBe6BSQg7EX7PK7eFo2PbQ6B9Y4DopigXuOMPpacRhOVAnA](5)" classname="Test_Case.Meta_Master_Code" time="1.302">
    <system-out><![CDATA[10000000
4 - The Downloads is more than 1M
]]></system-out>
  </testcase>
  <testcase name="analyseURLs[https://l.facebook.com/l.php?u=https%3A%2F%2Fplay.google.com%2Fstore%2Fapps%2Fdetails%3Fid%3Dcom.changdu.mobovideo&amp;h=AT2518dKX-LL0oR7zQh3GJXyI-IVm3kSxlECFfA8r5X2UcIKkBkuQqI-LuSjuCxqzhwWj7iGrfPKwmpPvOsmGcUlOR7oxT2Ntcn0L4-RBe6BSQg7EX7PK7eFo2PbQ6B9Y4DopigXuOMPpacRhOVAnA](6)" classname="Test_Case.Meta_Master_Code" time="1.3">
    <system-out><![CDATA[10000000
5 - The Downloads is more than 1M
]]></system-out>
  </testcase>
  <testcase name="analyseURLs[https://l.facebook.com/l.php?u=https%3A%2F%2Fplay.google.com%2Fstore%2Fapps%2Fdetails%3Fid%3Dcom.changdu.mobovideo&amp;h=AT2518dKX-LL0oR7zQh3GJXyI-IVm3kSxlECFfA8r5X2UcIKkBkuQqI-LuSjuCxqzhwWj7iGrfPKwmpPvOsmGcUlOR7oxT2Ntcn0L4-RBe6BSQg7EX7PK7eFo2PbQ6B9Y4DopigXuOMPpacRhOVAnA](7)" classname="Test_Case.Meta_Master_Code" time="1.272">
    <system-out><![CDATA[10000000
6 - The Downloads is more than 1M
]]></system-out>
  </testcase>
  <testcase name="analyseURLs[https://l.facebook.com/l.php?u=https%3A%2F%2Fplay.google.com%2Fstore%2Fapps%2Fdetails%3Fid%3Dcom.changdu.mobovideo&amp;h=AT2518dKX-LL0oR7zQh3GJXyI-IVm3kSxlECFfA8r5X2UcIKkBkuQqI-LuSjuCxqzhwWj7iGrfPKwmpPvOsmGcUlOR7oxT2Ntcn0L4-RBe6BSQg7EX7PK7eFo2PbQ6B9Y4DopigXuOMPpacRhOVAnA](8)" classname="Test_Case.Meta_Master_Code" time="1.253">
    <system-out><![CDATA[10000000
7 - The Downloads is more than 1M
]]></system-out>
  </testcase>
  <testcase name="analyseURLs[https://l.facebook.com/l.php?u=https%3A%2F%2Fplay.google.com%2Fstore%2Fapps%2Fdetails%3Fid%3Dcom.changdu.mobovideo&amp;h=AT2518dKX-LL0oR7zQh3GJXyI-IVm3kSxlECFfA8r5X2UcIKkBkuQqI-LuSjuCxqzhwWj7iGrfPKwmpPvOsmGcUlOR7oxT2Ntcn0L4-RBe6BSQg7EX7PK7eFo2PbQ6B9Y4DopigXuOMPpacRhOVAnA](9)" classname="Test_Case.Meta_Master_Code" time="1.306">
    <system-out><![CDATA[10000000
8 - The Downloads is more than 1M
]]></system-out>
  </testcase>
  <testcase name="analyseURLs[https://l.facebook.com/l.php?u=http%3A%2F%2Fplay.google.com%2Fstore%2Fapps%2Fdetails%3Fid%3Dcom.radio.pocketfm&amp;h=AT2518dKX-LL0oR7zQh3GJXyI-IVm3kSxlECFfA8r5X2UcIKkBkuQqI-LuSjuCxqzhwWj7iGrfPKwmpPvOsmGcUlOR7oxT2Ntcn0L4-RBe6BSQg7EX7PK7eFo2PbQ6B9Y4DopigXuOMPpacRhOVAnA](10)" classname="Test_Case.Meta_Master_Code" time="1.473">
    <system-out><![CDATA[100000000
9 - The Downloads is more than 1M
]]></system-out>
  </testcase>
  <testcase name="analyseURLs[https://l.facebook.com/l.php?u=http%3A%2F%2Fitunes.apple.com%2Fapp%2Fid6466400444&amp;h=AT2518dKX-LL0oR7zQh3GJXyI-IVm3kSxlECFfA8r5X2UcIKkBkuQqI-LuSjuCxqzhwWj7iGrfPKwmpPvOsmGcUlOR7oxT2Ntcn0L4-RBe6BSQg7EX7PK7eFo2PbQ6B9Y4DopigXuOMPpacRhOVAnA](11)" classname="Test_Case.Meta_Master_Code" time="3.091">
    <system-out><![CDATA[10 - The link is App store or other site
]]></system-out>
  </testcase>
  <testcase name="analyseURLs[https://l.facebook.com/l.php?u=http%3A%2F%2Fitunes.apple.com%2Fapp%2Fid6466400444&amp;h=AT2518dKX-LL0oR7zQh3GJXyI-IVm3kSxlECFfA8r5X2UcIKkBkuQqI-LuSjuCxqzhwWj7iGrfPKwmpPvOsmGcUlOR7oxT2Ntcn0L4-RBe6BSQg7EX7PK7eFo2PbQ6B9Y4DopigXuOMPpacRhOVAnA](12)" classname="Test_Case.Meta_Master_Code" time="1.666">
    <system-out><![CDATA[11 - The link is App store or other site
]]></system-out>
  </testcase>
  <testcase name="analyseURLs[https://l.facebook.com/l.php?u=http%3A%2F%2Fitunes.apple.com%2Fapp%2Fid6466400444&amp;h=AT2518dKX-LL0oR7zQh3GJXyI-IVm3kSxlECFfA8r5X2UcIKkBkuQqI-LuSjuCxqzhwWj7iGrfPKwmpPvOsmGcUlOR7oxT2Ntcn0L4-RBe6BSQg7EX7PK7eFo2PbQ6B9Y4DopigXuOMPpacRhOVAnA](13)" classname="Test_Case.Meta_Master_Code" time="1.573">
    <system-out><![CDATA[12 - The link is App store or other site
]]></system-out>
  </testcase>
  <testcase name="analyseURLs[https://l.facebook.com/l.php?u=http%3A%2F%2Fitunes.apple.com%2Fapp%2Fid6466400444&amp;h=AT2518dKX-LL0oR7zQh3GJXyI-IVm3kSxlECFfA8r5X2UcIKkBkuQqI-LuSjuCxqzhwWj7iGrfPKwmpPvOsmGcUlOR7oxT2Ntcn0L4-RBe6BSQg7EX7PK7eFo2PbQ6B9Y4DopigXuOMPpacRhOVAnA](14)" classname="Test_Case.Meta_Master_Code" time="1.578">
    <system-out><![CDATA[13 - The link is App store or other site
]]></system-out>
  </testcase>
  <testcase name="analyseURLs[https://l.facebook.com/l.php?u=http%3A%2F%2Fplay.google.com%2Fstore%2Fapps%2Fdetails%3Fid%3Dcom.seekho.android&amp;h=AT2518dKX-LL0oR7zQh3GJXyI-IVm3kSxlECFfA8r5X2UcIKkBkuQqI-LuSjuCxqzhwWj7iGrfPKwmpPvOsmGcUlOR7oxT2Ntcn0L4-RBe6BSQg7EX7PK7eFo2PbQ6B9Y4DopigXuOMPpacRhOVAnA](15)" classname="Test_Case.Meta_Master_Code" time="1.302">
    <system-out><![CDATA[50000000
14 - The Downloads is more than 1M
]]></system-out>
  </testcase>
  <testcase name="analyseURLs[https://l.facebook.com/l.php?u=http%3A%2F%2Fplay.google.com%2Fstore%2Fapps%2Fdetails%3Fid%3Dcom.athena.ayushdev&amp;h=AT2518dKX-LL0oR7zQh3GJXyI-IVm3kSxlECFfA8r5X2UcIKkBkuQqI-LuSjuCxqzhwWj7iGrfPKwmpPvOsmGcUlOR7oxT2Ntcn0L4-RBe6BSQg7EX7PK7eFo2PbQ6B9Y4DopigXuOMPpacRhOVAnA](16)" classname="Test_Case.Meta_Master_Code" time="14.775">
    <system-out><![CDATA[1000
Parsed rating: 4.4
Data written successfully: https://play.google.com/store/apps/details?id=com.athena.ayushdev
Data Written in Mastersheet - https://play.google.com/store/apps/details?id=com.athena.ayushdev
The rating is less than 4.5
15 - link in written
]]></system-out>
  </testcase>
  <testcase name="analyseURLs[https://l.facebook.com/l.php?u=http%3A%2F%2Fplay.google.com%2Fstore%2Fapps%2Fdetails%3Fid%3Dcom.w_14735706&amp;h=AT2518dKX-LL0oR7zQh3GJXyI-IVm3kSxlECFfA8r5X2UcIKkBkuQqI-LuSjuCxqzhwWj7iGrfPKwmpPvOsmGcUlOR7oxT2Ntcn0L4-RBe6BSQg7EX7PK7eFo2PbQ6B9Y4DopigXuOMPpacRhOVAnA](17)" classname="Test_Case.Meta_Master_Code" time="3.606">
    <system-out><![CDATA[50000
Parsed rating: 2.7
Data written successfully: https://play.google.com/store/apps/details?id=com.w_14735706
Data Written in Mastersheet - https://play.google.com/store/apps/details?id=com.w_14735706
The rating is less than 4.5
16 - link in written
]]></system-out>
  </testcase>
  <testcase name="analyseURLs[https://l.facebook.com/l.php?u=http%3A%2F%2Fplay.google.com%2Fstore%2Fapps%2Fdetails%3Fid%3Dcom.w_14735706&amp;h=AT2518dKX-LL0oR7zQh3GJXyI-IVm3kSxlECFfA8r5X2UcIKkBkuQqI-LuSjuCxqzhwWj7iGrfPKwmpPvOsmGcUlOR7oxT2Ntcn0L4-RBe6BSQg7EX7PK7eFo2PbQ6B9Y4DopigXuOMPpacRhOVAnA](18)" classname="Test_Case.Meta_Master_Code" time="1.315">
    <system-out><![CDATA[50000
Parsed rating: 2.7
Duplicate entry skipped: https://play.google.com/store/apps/details?id=com.w_14735706
Duplicate entry in the Mastersheet
The rating is less than 4.5
17 - link in written
]]></system-out>
  </testcase>
  <testcase name="analyseURLs[https://l.facebook.com/l.php?u=http%3A%2F%2Fplay.google.com%2Fstore%2Fapps%2Fdetails%3Fid%3Dcom.seekho.android&amp;h=AT2518dKX-LL0oR7zQh3GJXyI-IVm3kSxlECFfA8r5X2UcIKkBkuQqI-LuSjuCxqzhwWj7iGrfPKwmpPvOsmGcUlOR7oxT2Ntcn0L4-RBe6BSQg7EX7PK7eFo2PbQ6B9Y4DopigXuOMPpacRhOVAnA](19)" classname="Test_Case.Meta_Master_Code" time="1.245">
    <system-out><![CDATA[50000000
18 - The Downloads is more than 1M
]]></system-out>
  </testcase>
  <testcase name="analyseURLs[https://l.facebook.com/l.php?u=http%3A%2F%2Fplay.google.com%2Fstore%2Fapps%2Fdetails%3Fid%3Dcom.radio.pocketfm&amp;h=AT2518dKX-LL0oR7zQh3GJXyI-IVm3kSxlECFfA8r5X2UcIKkBkuQqI-LuSjuCxqzhwWj7iGrfPKwmpPvOsmGcUlOR7oxT2Ntcn0L4-RBe6BSQg7EX7PK7eFo2PbQ6B9Y4DopigXuOMPpacRhOVAnA](20)" classname="Test_Case.Meta_Master_Code" time="1.228">
    <system-out><![CDATA[100000000
19 - The Downloads is more than 1M
]]></system-out>
  </testcase>
  <testcase name="analyseURLs[https://l.facebook.com/l.php?u=http%3A%2F%2Fplay.google.com%2Fstore%2Fapps%2Fdetails%3Fid%3Dcom.radio.pocketfm&amp;h=AT2518dKX-LL0oR7zQh3GJXyI-IVm3kSxlECFfA8r5X2UcIKkBkuQqI-LuSjuCxqzhwWj7iGrfPKwmpPvOsmGcUlOR7oxT2Ntcn0L4-RBe6BSQg7EX7PK7eFo2PbQ6B9Y4DopigXuOMPpacRhOVAnA](21)" classname="Test_Case.Meta_Master_Code" time="1.345">
    <system-out><![CDATA[100000000
20 - The Downloads is more than 1M
]]></system-out>
  </testcase>
  <testcase name="analyseURLs[https://l.facebook.com/l.php?u=http%3A%2F%2Fplay.google.com%2Fstore%2Fapps%2Fdetails%3Fid%3Dcom.radio.pocketfm&amp;h=AT2518dKX-LL0oR7zQh3GJXyI-IVm3kSxlECFfA8r5X2UcIKkBkuQqI-LuSjuCxqzhwWj7iGrfPKwmpPvOsmGcUlOR7oxT2Ntcn0L4-RBe6BSQg7EX7PK7eFo2PbQ6B9Y4DopigXuOMPpacRhOVAnA](22)" classname="Test_Case.Meta_Master_Code" time="1.269">
    <system-out><![CDATA[100000000
21 - The Downloads is more than 1M
]]></system-out>
  </testcase>
  <testcase name="analyseURLs[https://l.facebook.com/l.php?u=http%3A%2F%2Fplay.google.com%2Fstore%2Fapps%2Fdetails%3Fid%3Dcom.radio.pocketfm&amp;h=AT2518dKX-LL0oR7zQh3GJXyI-IVm3kSxlECFfA8r5X2UcIKkBkuQqI-LuSjuCxqzhwWj7iGrfPKwmpPvOsmGcUlOR7oxT2Ntcn0L4-RBe6BSQg7EX7PK7eFo2PbQ6B9Y4DopigXuOMPpacRhOVAnA](23)" classname="Test_Case.Meta_Master_Code" time="1.239">
    <system-out><![CDATA[100000000
22 - The Downloads is more than 1M
]]></system-out>
  </testcase>
  <testcase name="analyseURLs[https://l.facebook.com/l.php?u=http%3A%2F%2Fplay.google.com%2Fstore%2Fapps%2Fdetails%3Fid%3Dcom.radio.pocketfm&amp;h=AT2518dKX-LL0oR7zQh3GJXyI-IVm3kSxlECFfA8r5X2UcIKkBkuQqI-LuSjuCxqzhwWj7iGrfPKwmpPvOsmGcUlOR7oxT2Ntcn0L4-RBe6BSQg7EX7PK7eFo2PbQ6B9Y4DopigXuOMPpacRhOVAnA](24)" classname="Test_Case.Meta_Master_Code" time="1.278">
    <system-out><![CDATA[100000000
23 - The Downloads is more than 1M
]]></system-out>
  </testcase>
  <testcase name="analyseURLs[https://l.facebook.com/l.php?u=http%3A%2F%2Fplay.google.com%2Fstore%2Fapps%2Fdetails%3Fid%3Dcom.radio.pocketfm&amp;h=AT2518dKX-LL0oR7zQh3GJXyI-IVm3kSxlECFfA8r5X2UcIKkBkuQqI-LuSjuCxqzhwWj7iGrfPKwmpPvOsmGcUlOR7oxT2Ntcn0L4-RBe6BSQg7EX7PK7eFo2PbQ6B9Y4DopigXuOMPpacRhOVAnA](25)" classname="Test_Case.Meta_Master_Code" time="1.325">
    <system-out><![CDATA[100000000
24 - The Downloads is more than 1M
]]></system-out>
  </testcase>
  <testcase name="analyseURLs[https://l.facebook.com/l.php?u=http%3A%2F%2Fplay.google.com%2Fstore%2Fapps%2Fdetails%3Fid%3Dcom.seekho.android&amp;h=AT2518dKX-LL0oR7zQh3GJXyI-IVm3kSxlECFfA8r5X2UcIKkBkuQqI-LuSjuCxqzhwWj7iGrfPKwmpPvOsmGcUlOR7oxT2Ntcn0L4-RBe6BSQg7EX7PK7eFo2PbQ6B9Y4DopigXuOMPpacRhOVAnA](26)" classname="Test_Case.Meta_Master_Code" time="1.178">
    <system-out><![CDATA[50000000
25 - The Downloads is more than 1M
]]></system-out>
  </testcase>
  <testcase name="analyseURLs[https://l.facebook.com/l.php?u=http%3A%2F%2Fplay.google.com%2Fstore%2Fapps%2Fdetails%3Fid%3Dcom.seekho.android&amp;h=AT2518dKX-LL0oR7zQh3GJXyI-IVm3kSxlECFfA8r5X2UcIKkBkuQqI-LuSjuCxqzhwWj7iGrfPKwmpPvOsmGcUlOR7oxT2Ntcn0L4-RBe6BSQg7EX7PK7eFo2PbQ6B9Y4DopigXuOMPpacRhOVAnA](27)" classname="Test_Case.Meta_Master_Code" time="1.203">
    <system-out><![CDATA[50000000
26 - The Downloads is more than 1M
]]></system-out>
  </testcase>
  <testcase name="analyseURLs[https://l.facebook.com/l.php?u=http%3A%2F%2Fplay.google.com%2Fstore%2Fapps%2Fdetails%3Fid%3Dcom.seekho.android&amp;h=AT2518dKX-LL0oR7zQh3GJXyI-IVm3kSxlECFfA8r5X2UcIKkBkuQqI-LuSjuCxqzhwWj7iGrfPKwmpPvOsmGcUlOR7oxT2Ntcn0L4-RBe6BSQg7EX7PK7eFo2PbQ6B9Y4DopigXuOMPpacRhOVAnA](28)" classname="Test_Case.Meta_Master_Code" time="1.259">
    <system-out><![CDATA[50000000
27 - The Downloads is more than 1M
]]></system-out>
  </testcase>
  <testcase name="analyseURLs[https://l.facebook.com/l.php?u=http%3A%2F%2Fplay.google.com%2Fstore%2Fapps%2Fdetails%3Fid%3Dcom.seekho.android&amp;h=AT2518dKX-LL0oR7zQh3GJXyI-IVm3kSxlECFfA8r5X2UcIKkBkuQqI-LuSjuCxqzhwWj7iGrfPKwmpPvOsmGcUlOR7oxT2Ntcn0L4-RBe6BSQg7EX7PK7eFo2PbQ6B9Y4DopigXuOMPpacRhOVAnA](29)" classname="Test_Case.Meta_Master_Code" time="1.241">
    <system-out><![CDATA[50000000
28 - The Downloads is more than 1M
]]></system-out>
  </testcase>
  <testcase name="analyseURLs[https://l.facebook.com/l.php?u=http%3A%2F%2Fplay.google.com%2Fstore%2Fapps%2Fdetails%3Fid%3Dcom.seekho.android&amp;h=AT2518dKX-LL0oR7zQh3GJXyI-IVm3kSxlECFfA8r5X2UcIKkBkuQqI-LuSjuCxqzhwWj7iGrfPKwmpPvOsmGcUlOR7oxT2Ntcn0L4-RBe6BSQg7EX7PK7eFo2PbQ6B9Y4DopigXuOMPpacRhOVAnA](30)" classname="Test_Case.Meta_Master_Code" time="1.303">
    <system-out><![CDATA[50000000
29 - The Downloads is more than 1M
]]></system-out>
  </testcase>
  <testcase name="analyseURLs[https://l.facebook.com/l.php?u=http%3A%2F%2Fplay.google.com%2Fstore%2Fapps%2Fdetails%3Fid%3Dcom.radio.pocketfm&amp;h=AT2518dKX-LL0oR7zQh3GJXyI-IVm3kSxlECFfA8r5X2UcIKkBkuQqI-LuSjuCxqzhwWj7iGrfPKwmpPvOsmGcUlOR7oxT2Ntcn0L4-RBe6BSQg7EX7PK7eFo2PbQ6B9Y4DopigXuOMPpacRhOVAnA](31)" classname="Test_Case.Meta_Master_Code" time="1.348">
    <system-out><![CDATA[100000000
30 - The Downloads is more than 1M
]]></system-out>
  </testcase>
  <testcase name="analyseURLs[https://l.facebook.com/l.php?u=http%3A%2F%2Fplay.google.com%2Fstore%2Fapps%2Fdetails%3Fid%3Dcom.radio.pocketfm&amp;h=AT2518dKX-LL0oR7zQh3GJXyI-IVm3kSxlECFfA8r5X2UcIKkBkuQqI-LuSjuCxqzhwWj7iGrfPKwmpPvOsmGcUlOR7oxT2Ntcn0L4-RBe6BSQg7EX7PK7eFo2PbQ6B9Y4DopigXuOMPpacRhOVAnA](32)" classname="Test_Case.Meta_Master_Code" time="1.218">
    <system-out><![CDATA[100000000
31 - The Downloads is more than 1M
]]></system-out>
  </testcase>
  <testcase name="analyseURLs[https://l.facebook.com/l.php?u=http%3A%2F%2Fplay.google.com%2Fstore%2Fapps%2Fdetails%3Fid%3Dcom.radio.pocketfm&amp;h=AT2518dKX-LL0oR7zQh3GJXyI-IVm3kSxlECFfA8r5X2UcIKkBkuQqI-LuSjuCxqzhwWj7iGrfPKwmpPvOsmGcUlOR7oxT2Ntcn0L4-RBe6BSQg7EX7PK7eFo2PbQ6B9Y4DopigXuOMPpacRhOVAnA](33)" classname="Test_Case.Meta_Master_Code" time="1.284">
    <system-out><![CDATA[100000000
32 - The Downloads is more than 1M
]]></system-out>
  </testcase>
  <testcase name="analyseURLs[https://l.facebook.com/l.php?u=http%3A%2F%2Fplay.google.com%2Fstore%2Fapps%2Fdetails%3Fid%3Dcom.radio.pocketfm&amp;h=AT2518dKX-LL0oR7zQh3GJXyI-IVm3kSxlECFfA8r5X2UcIKkBkuQqI-LuSjuCxqzhwWj7iGrfPKwmpPvOsmGcUlOR7oxT2Ntcn0L4-RBe6BSQg7EX7PK7eFo2PbQ6B9Y4DopigXuOMPpacRhOVAnA](34)" classname="Test_Case.Meta_Master_Code" time="1.222">
    <system-out><![CDATA[100000000
33 - The Downloads is more than 1M
]]></system-out>
  </testcase>
  <testcase name="analyseURLs[https://l.facebook.com/l.php?u=http%3A%2F%2Fplay.google.com%2Fstore%2Fapps%2Fdetails%3Fid%3Dcom.radio.pocketfm&amp;h=AT2518dKX-LL0oR7zQh3GJXyI-IVm3kSxlECFfA8r5X2UcIKkBkuQqI-LuSjuCxqzhwWj7iGrfPKwmpPvOsmGcUlOR7oxT2Ntcn0L4-RBe6BSQg7EX7PK7eFo2PbQ6B9Y4DopigXuOMPpacRhOVAnA](35)" classname="Test_Case.Meta_Master_Code" time="1.241">
    <system-out><![CDATA[100000000
34 - The Downloads is more than 1M
]]></system-out>
  </testcase>
  <testcase name="analyseURLs[https://l.facebook.com/l.php?u=http%3A%2F%2Fplay.google.com%2Fstore%2Fapps%2Fdetails%3Fid%3Dcom.radio.pocketfm&amp;h=AT2518dKX-LL0oR7zQh3GJXyI-IVm3kSxlECFfA8r5X2UcIKkBkuQqI-LuSjuCxqzhwWj7iGrfPKwmpPvOsmGcUlOR7oxT2Ntcn0L4-RBe6BSQg7EX7PK7eFo2PbQ6B9Y4DopigXuOMPpacRhOVAnA](36)" classname="Test_Case.Meta_Master_Code" time="1.294">
    <system-out><![CDATA[100000000
35 - The Downloads is more than 1M
]]></system-out>
  </testcase>
  <testcase name="analyseURLs[https://l.facebook.com/l.php?u=http%3A%2F%2Fplay.google.com%2Fstore%2Fapps%2Fdetails%3Fid%3Dcom.radio.pocketfm&amp;h=AT2518dKX-LL0oR7zQh3GJXyI-IVm3kSxlECFfA8r5X2UcIKkBkuQqI-LuSjuCxqzhwWj7iGrfPKwmpPvOsmGcUlOR7oxT2Ntcn0L4-RBe6BSQg7EX7PK7eFo2PbQ6B9Y4DopigXuOMPpacRhOVAnA](37)" classname="Test_Case.Meta_Master_Code" time="1.281">
    <system-out><![CDATA[100000000
36 - The Downloads is more than 1M
]]></system-out>
  </testcase>
</testsuite>