<?xml version="1.0" encoding="UTF-8"?>
<!-- Generated by org.testng.reporters.JUnitReportReporter -->
<testsuite hostname="DESKTOP-SKRGRIP" failures="0" tests="41" name="Test_Case.Meta_Website_Master_Code" time="231.783" errors="0" timestamp="2025-07-17T12:22:48 IST" skipped="0">
  <testcase classname="Test_Case.Meta_Website_Master_Code" name="Fetchdata" time="134.700"/>
  <testcase classname="Test_Case.Meta_Website_Master_Code" name="analyseURLs" time="1.237"/>
  <testcase classname="Test_Case.Meta_Website_Master_Code" name="analyseURLs" time="2.215"/>
  <testcase classname="Test_Case.Meta_Website_Master_Code" name="analyseURLs" time="2.519"/>
  <testcase classname="Test_Case.Meta_Website_Master_Code" name="analyseURLs" time="0.766"/>
  <testcase classname="Test_Case.Meta_Website_Master_Code" name="analyseURLs" time="2.861"/>
  <testcase classname="Test_Case.Meta_Website_Master_Code" name="analyseURLs" time="0.805"/>
  <testcase classname="Test_Case.Meta_Website_Master_Code" name="analyseURLs" time="3.665"/>
  <testcase classname="Test_Case.Meta_Website_Master_Code" name="analyseURLs" time="2.499"/>
  <testcase classname="Test_Case.Meta_Website_Master_Code" name="analyseURLs" time="0.946"/>
  <testcase classname="Test_Case.Meta_Website_Master_Code" name="analyseURLs" time="2.458"/>
  <testcase classname="Test_Case.Meta_Website_Master_Code" name="analyseURLs" time="1.825"/>
  <testcase classname="Test_Case.Meta_Website_Master_Code" name="analyseURLs" time="2.557"/>
  <testcase classname="Test_Case.Meta_Website_Master_Code" name="analyseURLs" time="1.588"/>
  <testcase classname="Test_Case.Meta_Website_Master_Code" name="analyseURLs" time="4.285"/>
  <testcase classname="Test_Case.Meta_Website_Master_Code" name="analyseURLs" time="2.234"/>
  <testcase classname="Test_Case.Meta_Website_Master_Code" name="analyseURLs" time="0.583"/>
  <testcase classname="Test_Case.Meta_Website_Master_Code" name="analyseURLs" time="1.942"/>
  <testcase classname="Test_Case.Meta_Website_Master_Code" name="analyseURLs" time="4.496"/>
  <testcase classname="Test_Case.Meta_Website_Master_Code" name="analyseURLs" time="0.852"/>
  <testcase classname="Test_Case.Meta_Website_Master_Code" name="analyseURLs" time="6.732"/>
  <testcase classname="Test_Case.Meta_Website_Master_Code" name="analyseURLs" time="4.203"/>
  <testcase classname="Test_Case.Meta_Website_Master_Code" name="analyseURLs" time="4.048"/>
  <testcase classname="Test_Case.Meta_Website_Master_Code" name="analyseURLs" time="0.715"/>
  <testcase classname="Test_Case.Meta_Website_Master_Code" name="analyseURLs" time="3.276"/>
  <testcase classname="Test_Case.Meta_Website_Master_Code" name="analyseURLs" time="1.219"/>
  <testcase classname="Test_Case.Meta_Website_Master_Code" name="analyseURLs" time="2.987"/>
  <testcase classname="Test_Case.Meta_Website_Master_Code" name="analyseURLs" time="2.079"/>
  <testcase classname="Test_Case.Meta_Website_Master_Code" name="analyseURLs" time="2.903"/>
  <testcase classname="Test_Case.Meta_Website_Master_Code" name="analyseURLs" time="2.881"/>
  <testcase classname="Test_Case.Meta_Website_Master_Code" name="analyseURLs" time="1.205"/>
  <testcase classname="Test_Case.Meta_Website_Master_Code" name="analyseURLs" time="2.321"/>
  <testcase classname="Test_Case.Meta_Website_Master_Code" name="analyseURLs" time="2.826"/>
  <testcase classname="Test_Case.Meta_Website_Master_Code" name="analyseURLs" time="2.203"/>
  <testcase classname="Test_Case.Meta_Website_Master_Code" name="analyseURLs" time="3.004"/>
  <testcase classname="Test_Case.Meta_Website_Master_Code" name="analyseURLs" time="2.833"/>
  <testcase classname="Test_Case.Meta_Website_Master_Code" name="analyseURLs" time="2.302"/>
  <testcase classname="Test_Case.Meta_Website_Master_Code" name="analyseURLs" time="3.473"/>
  <testcase classname="Test_Case.Meta_Website_Master_Code" name="analyseURLs" time="3.939"/>
  <testcase classname="Test_Case.Meta_Website_Master_Code" name="analyseURLs" time="1.579"/>
  <testcase classname="Test_Case.Meta_Website_Master_Code" name="deleteExcelIfNoSheet" time="0.022"/>
</testsuite> <!-- Test_Case.Meta_Website_Master_Code -->
