<?xml version="1.0" encoding="UTF-8"?>
<!-- Generated by org.testng.reporters.JUnitReportReporter -->
<testsuite hostname="DESKTOP-SKRGRIP" failures="0" tests="32" name="Test_Case.Meta_Copy_002" time="141.757" errors="0" timestamp="2025-06-16T11:54:27 IST" skipped="0">
  <testcase classname="Test_Case.Meta_Copy_002" name="Fetchdata" time="88.741"/>
  <testcase classname="Test_Case.Meta_Copy_002" name="analyseURLs" time="1.407"/>
  <testcase classname="Test_Case.Meta_Copy_002" name="analyseURLs" time="1.781"/>
  <testcase classname="Test_Case.Meta_Copy_002" name="analyseURLs" time="1.286"/>
  <testcase classname="Test_Case.Meta_Copy_002" name="analyseURLs" time="1.361"/>
  <testcase classname="Test_Case.Meta_Copy_002" name="analyseURLs" time="1.270"/>
  <testcase classname="Test_Case.Meta_Copy_002" name="analyseURLs" time="1.465"/>
  <testcase classname="Test_Case.Meta_Copy_002" name="analyseURLs" time="1.582"/>
  <testcase classname="Test_Case.Meta_Copy_002" name="analyseURLs" time="1.450"/>
  <testcase classname="Test_Case.Meta_Copy_002" name="analyseURLs" time="1.302"/>
  <testcase classname="Test_Case.Meta_Copy_002" name="analyseURLs" time="1.355"/>
  <testcase classname="Test_Case.Meta_Copy_002" name="analyseURLs" time="1.226"/>
  <testcase classname="Test_Case.Meta_Copy_002" name="analyseURLs" time="2.819"/>
  <testcase classname="Test_Case.Meta_Copy_002" name="analyseURLs" time="1.299"/>
  <testcase classname="Test_Case.Meta_Copy_002" name="analyseURLs" time="1.329"/>
  <testcase classname="Test_Case.Meta_Copy_002" name="analyseURLs" time="1.997"/>
  <testcase classname="Test_Case.Meta_Copy_002" name="analyseURLs" time="1.428"/>
  <testcase classname="Test_Case.Meta_Copy_002" name="analyseURLs" time="1.245"/>
  <testcase classname="Test_Case.Meta_Copy_002" name="analyseURLs" time="1.277"/>
  <testcase classname="Test_Case.Meta_Copy_002" name="analyseURLs" time="1.402"/>
  <testcase classname="Test_Case.Meta_Copy_002" name="analyseURLs" time="2.391"/>
  <testcase classname="Test_Case.Meta_Copy_002" name="analyseURLs" time="1.574"/>
  <testcase classname="Test_Case.Meta_Copy_002" name="analyseURLs" time="1.349"/>
  <testcase classname="Test_Case.Meta_Copy_002" name="analyseURLs" time="1.371"/>
  <testcase classname="Test_Case.Meta_Copy_002" name="analyseURLs" time="1.432"/>
  <testcase classname="Test_Case.Meta_Copy_002" name="analyseURLs" time="1.260"/>
  <testcase classname="Test_Case.Meta_Copy_002" name="analyseURLs" time="1.447"/>
  <testcase classname="Test_Case.Meta_Copy_002" name="analyseURLs" time="1.482"/>
  <testcase classname="Test_Case.Meta_Copy_002" name="analyseURLs" time="1.467"/>
  <testcase classname="Test_Case.Meta_Copy_002" name="analyseURLs" time="1.452"/>
  <testcase classname="Test_Case.Meta_Copy_002" name="analyseURLs" time="6.840"/>
  <testcase classname="Test_Case.Meta_Copy_002" name="analyseURLs" time="2.670"/>
</testsuite> <!-- Test_Case.Meta_Copy_002 -->
