<?xml version="1.0" encoding="UTF-8"?>
<!-- Generated by org.testng.reporters.JUnitReportReporter -->
<testsuite hostname="DESKTOP-SKRGRIP" failures="0" tests="91" name="Test_Case.Meta_Master_Code_New_Version" time="1097.138" errors="0" timestamp="2025-07-14T15:44:49 IST" skipped="0">
  <testcase classname="Test_Case.Meta_Master_Code_New_Version" name="Fetchdata" time="968.761"/>
  <testcase classname="Test_Case.Meta_Master_Code_New_Version" name="analyseURLs" time="1.330"/>
  <testcase classname="Test_Case.Meta_Master_Code_New_Version" name="analyseURLs" time="1.406"/>
  <testcase classname="Test_Case.Meta_Master_Code_New_Version" name="analyseURLs" time="1.242"/>
  <testcase classname="Test_Case.Meta_Master_Code_New_Version" name="analyseURLs" time="1.134"/>
  <testcase classname="Test_Case.Meta_Master_Code_New_Version" name="analyseURLs" time="1.679"/>
  <testcase classname="Test_Case.Meta_Master_Code_New_Version" name="analyseURLs" time="1.299"/>
  <testcase classname="Test_Case.Meta_Master_Code_New_Version" name="analyseURLs" time="1.341"/>
  <testcase classname="Test_Case.Meta_Master_Code_New_Version" name="analyseURLs" time="1.509"/>
  <testcase classname="Test_Case.Meta_Master_Code_New_Version" name="analyseURLs" time="1.118"/>
  <testcase classname="Test_Case.Meta_Master_Code_New_Version" name="analyseURLs" time="1.787"/>
  <testcase classname="Test_Case.Meta_Master_Code_New_Version" name="analyseURLs" time="1.352"/>
  <testcase classname="Test_Case.Meta_Master_Code_New_Version" name="analyseURLs" time="1.520"/>
  <testcase classname="Test_Case.Meta_Master_Code_New_Version" name="analyseURLs" time="1.550"/>
  <testcase classname="Test_Case.Meta_Master_Code_New_Version" name="analyseURLs" time="1.421"/>
  <testcase classname="Test_Case.Meta_Master_Code_New_Version" name="analyseURLs" time="1.376"/>
  <testcase classname="Test_Case.Meta_Master_Code_New_Version" name="analyseURLs" time="1.363"/>
  <testcase classname="Test_Case.Meta_Master_Code_New_Version" name="analyseURLs" time="1.546"/>
  <testcase classname="Test_Case.Meta_Master_Code_New_Version" name="analyseURLs" time="1.324"/>
  <testcase classname="Test_Case.Meta_Master_Code_New_Version" name="analyseURLs" time="1.371"/>
  <testcase classname="Test_Case.Meta_Master_Code_New_Version" name="analyseURLs" time="1.263"/>
  <testcase classname="Test_Case.Meta_Master_Code_New_Version" name="analyseURLs" time="1.302"/>
  <testcase classname="Test_Case.Meta_Master_Code_New_Version" name="analyseURLs" time="1.527"/>
  <testcase classname="Test_Case.Meta_Master_Code_New_Version" name="analyseURLs" time="1.217"/>
  <testcase classname="Test_Case.Meta_Master_Code_New_Version" name="analyseURLs" time="2.765"/>
  <testcase classname="Test_Case.Meta_Master_Code_New_Version" name="analyseURLs" time="1.441"/>
  <testcase classname="Test_Case.Meta_Master_Code_New_Version" name="analyseURLs" time="1.257"/>
  <testcase classname="Test_Case.Meta_Master_Code_New_Version" name="analyseURLs" time="1.488"/>
  <testcase classname="Test_Case.Meta_Master_Code_New_Version" name="analyseURLs" time="1.526"/>
  <testcase classname="Test_Case.Meta_Master_Code_New_Version" name="analyseURLs" time="1.330"/>
  <testcase classname="Test_Case.Meta_Master_Code_New_Version" name="analyseURLs" time="2.266"/>
  <testcase classname="Test_Case.Meta_Master_Code_New_Version" name="analyseURLs" time="1.234"/>
  <testcase classname="Test_Case.Meta_Master_Code_New_Version" name="analyseURLs" time="1.260"/>
  <testcase classname="Test_Case.Meta_Master_Code_New_Version" name="analyseURLs" time="1.282"/>
  <testcase classname="Test_Case.Meta_Master_Code_New_Version" name="analyseURLs" time="2.155"/>
  <testcase classname="Test_Case.Meta_Master_Code_New_Version" name="analyseURLs" time="1.370"/>
  <testcase classname="Test_Case.Meta_Master_Code_New_Version" name="analyseURLs" time="1.427"/>
  <testcase classname="Test_Case.Meta_Master_Code_New_Version" name="analyseURLs" time="1.527"/>
  <testcase classname="Test_Case.Meta_Master_Code_New_Version" name="analyseURLs" time="1.575"/>
  <testcase classname="Test_Case.Meta_Master_Code_New_Version" name="analyseURLs" time="1.342"/>
  <testcase classname="Test_Case.Meta_Master_Code_New_Version" name="analyseURLs" time="1.199"/>
  <testcase classname="Test_Case.Meta_Master_Code_New_Version" name="analyseURLs" time="1.501"/>
  <testcase classname="Test_Case.Meta_Master_Code_New_Version" name="analyseURLs" time="1.400"/>
  <testcase classname="Test_Case.Meta_Master_Code_New_Version" name="analyseURLs" time="1.614"/>
  <testcase classname="Test_Case.Meta_Master_Code_New_Version" name="analyseURLs" time="1.626"/>
  <testcase classname="Test_Case.Meta_Master_Code_New_Version" name="analyseURLs" time="1.823"/>
  <testcase classname="Test_Case.Meta_Master_Code_New_Version" name="analyseURLs" time="1.345"/>
  <testcase classname="Test_Case.Meta_Master_Code_New_Version" name="analyseURLs" time="1.233"/>
  <testcase classname="Test_Case.Meta_Master_Code_New_Version" name="analyseURLs" time="1.522"/>
  <testcase classname="Test_Case.Meta_Master_Code_New_Version" name="analyseURLs" time="1.307"/>
  <testcase classname="Test_Case.Meta_Master_Code_New_Version" name="analyseURLs" time="1.348"/>
  <testcase classname="Test_Case.Meta_Master_Code_New_Version" name="analyseURLs" time="1.096"/>
  <testcase classname="Test_Case.Meta_Master_Code_New_Version" name="analyseURLs" time="1.478"/>
  <testcase classname="Test_Case.Meta_Master_Code_New_Version" name="analyseURLs" time="1.491"/>
  <testcase classname="Test_Case.Meta_Master_Code_New_Version" name="analyseURLs" time="1.385"/>
  <testcase classname="Test_Case.Meta_Master_Code_New_Version" name="analyseURLs" time="1.361"/>
  <testcase classname="Test_Case.Meta_Master_Code_New_Version" name="analyseURLs" time="1.283"/>
  <testcase classname="Test_Case.Meta_Master_Code_New_Version" name="analyseURLs" time="1.300"/>
  <testcase classname="Test_Case.Meta_Master_Code_New_Version" name="analyseURLs" time="1.333"/>
  <testcase classname="Test_Case.Meta_Master_Code_New_Version" name="analyseURLs" time="1.360"/>
  <testcase classname="Test_Case.Meta_Master_Code_New_Version" name="analyseURLs" time="1.488"/>
  <testcase classname="Test_Case.Meta_Master_Code_New_Version" name="analyseURLs" time="1.410"/>
  <testcase classname="Test_Case.Meta_Master_Code_New_Version" name="analyseURLs" time="1.548"/>
  <testcase classname="Test_Case.Meta_Master_Code_New_Version" name="analyseURLs" time="1.467"/>
  <testcase classname="Test_Case.Meta_Master_Code_New_Version" name="analyseURLs" time="1.289"/>
  <testcase classname="Test_Case.Meta_Master_Code_New_Version" name="analyseURLs" time="1.381"/>
  <testcase classname="Test_Case.Meta_Master_Code_New_Version" name="analyseURLs" time="1.449"/>
  <testcase classname="Test_Case.Meta_Master_Code_New_Version" name="analyseURLs" time="1.351"/>
  <testcase classname="Test_Case.Meta_Master_Code_New_Version" name="analyseURLs" time="1.727"/>
  <testcase classname="Test_Case.Meta_Master_Code_New_Version" name="analyseURLs" time="1.438"/>
  <testcase classname="Test_Case.Meta_Master_Code_New_Version" name="analyseURLs" time="1.098"/>
  <testcase classname="Test_Case.Meta_Master_Code_New_Version" name="analyseURLs" time="1.426"/>
  <testcase classname="Test_Case.Meta_Master_Code_New_Version" name="analyseURLs" time="1.440"/>
  <testcase classname="Test_Case.Meta_Master_Code_New_Version" name="analyseURLs" time="1.406"/>
  <testcase classname="Test_Case.Meta_Master_Code_New_Version" name="analyseURLs" time="1.127"/>
  <testcase classname="Test_Case.Meta_Master_Code_New_Version" name="analyseURLs" time="1.468"/>
  <testcase classname="Test_Case.Meta_Master_Code_New_Version" name="analyseURLs" time="1.681"/>
  <testcase classname="Test_Case.Meta_Master_Code_New_Version" name="analyseURLs" time="1.425"/>
  <testcase classname="Test_Case.Meta_Master_Code_New_Version" name="analyseURLs" time="1.458"/>
  <testcase classname="Test_Case.Meta_Master_Code_New_Version" name="analyseURLs" time="1.298"/>
  <testcase classname="Test_Case.Meta_Master_Code_New_Version" name="analyseURLs" time="1.357"/>
  <testcase classname="Test_Case.Meta_Master_Code_New_Version" name="analyseURLs" time="2.213"/>
  <testcase classname="Test_Case.Meta_Master_Code_New_Version" name="analyseURLs" time="1.570"/>
  <testcase classname="Test_Case.Meta_Master_Code_New_Version" name="analyseURLs" time="1.673"/>
  <testcase classname="Test_Case.Meta_Master_Code_New_Version" name="analyseURLs" time="1.232"/>
  <testcase classname="Test_Case.Meta_Master_Code_New_Version" name="analyseURLs" time="1.375"/>
  <testcase classname="Test_Case.Meta_Master_Code_New_Version" name="analyseURLs" time="1.344"/>
  <testcase classname="Test_Case.Meta_Master_Code_New_Version" name="analyseURLs" time="1.322"/>
  <testcase classname="Test_Case.Meta_Master_Code_New_Version" name="analyseURLs" time="1.431"/>
  <testcase classname="Test_Case.Meta_Master_Code_New_Version" name="analyseURLs" time="1.201"/>
  <testcase classname="Test_Case.Meta_Master_Code_New_Version" name="deleteExcelIfNoSheet" time="0.057"/>
</testsuite> <!-- Test_Case.Meta_Master_Code_New_Version -->
