<?xml version="1.0" encoding="UTF-8"?>
<!-- Generated by org.testng.reporters.JUnitReportReporter -->
<testsuite hostname="DESKTOP-SKRGRIP" failures="0" tests="193" name="Test_Case.Meta_Master_Code" time="1457.735" errors="0" timestamp="2025-06-25T15:23:16 IST" skipped="0">
  <testcase classname="Test_Case.Meta_Master_Code" name="Fetchdata" time="1177.217"/>
  <testcase classname="Test_Case.Meta_Master_Code" name="analyseURLs" time="1.453"/>
  <testcase classname="Test_Case.Meta_Master_Code" name="analyseURLs" time="1.511"/>
  <testcase classname="Test_Case.Meta_Master_Code" name="analyseURLs" time="1.334"/>
  <testcase classname="Test_Case.Meta_Master_Code" name="analyseURLs" time="2.356"/>
  <testcase classname="Test_Case.Meta_Master_Code" name="analyseURLs" time="1.592"/>
  <testcase classname="Test_Case.Meta_Master_Code" name="analyseURLs" time="1.334"/>
  <testcase classname="Test_Case.Meta_Master_Code" name="analyseURLs" time="1.178"/>
  <testcase classname="Test_Case.Meta_Master_Code" name="analyseURLs" time="1.353"/>
  <testcase classname="Test_Case.Meta_Master_Code" name="analyseURLs" time="1.538"/>
  <testcase classname="Test_Case.Meta_Master_Code" name="analyseURLs" time="1.519"/>
  <testcase classname="Test_Case.Meta_Master_Code" name="analyseURLs" time="1.271"/>
  <testcase classname="Test_Case.Meta_Master_Code" name="analyseURLs" time="1.423"/>
  <testcase classname="Test_Case.Meta_Master_Code" name="analyseURLs" time="1.356"/>
  <testcase classname="Test_Case.Meta_Master_Code" name="analyseURLs" time="1.440"/>
  <testcase classname="Test_Case.Meta_Master_Code" name="analyseURLs" time="1.133"/>
  <testcase classname="Test_Case.Meta_Master_Code" name="analyseURLs" time="1.278"/>
  <testcase classname="Test_Case.Meta_Master_Code" name="analyseURLs" time="1.341"/>
  <testcase classname="Test_Case.Meta_Master_Code" name="analyseURLs" time="1.177"/>
  <testcase classname="Test_Case.Meta_Master_Code" name="analyseURLs" time="1.162"/>
  <testcase classname="Test_Case.Meta_Master_Code" name="analyseURLs" time="0.542"/>
  <testcase classname="Test_Case.Meta_Master_Code" name="analyseURLs" time="1.541"/>
  <testcase classname="Test_Case.Meta_Master_Code" name="analyseURLs" time="1.413"/>
  <testcase classname="Test_Case.Meta_Master_Code" name="analyseURLs" time="1.090"/>
  <testcase classname="Test_Case.Meta_Master_Code" name="analyseURLs" time="1.533"/>
  <testcase classname="Test_Case.Meta_Master_Code" name="analyseURLs" time="1.506"/>
  <testcase classname="Test_Case.Meta_Master_Code" name="analyseURLs" time="1.465"/>
  <testcase classname="Test_Case.Meta_Master_Code" name="analyseURLs" time="1.298"/>
  <testcase classname="Test_Case.Meta_Master_Code" name="analyseURLs" time="1.310"/>
  <testcase classname="Test_Case.Meta_Master_Code" name="analyseURLs" time="1.298"/>
  <testcase classname="Test_Case.Meta_Master_Code" name="analyseURLs" time="1.326"/>
  <testcase classname="Test_Case.Meta_Master_Code" name="analyseURLs" time="1.516"/>
  <testcase classname="Test_Case.Meta_Master_Code" name="analyseURLs" time="1.353"/>
  <testcase classname="Test_Case.Meta_Master_Code" name="analyseURLs" time="1.639"/>
  <testcase classname="Test_Case.Meta_Master_Code" name="analyseURLs" time="1.418"/>
  <testcase classname="Test_Case.Meta_Master_Code" name="analyseURLs" time="1.515"/>
  <testcase classname="Test_Case.Meta_Master_Code" name="analyseURLs" time="1.339"/>
  <testcase classname="Test_Case.Meta_Master_Code" name="analyseURLs" time="1.160"/>
  <testcase classname="Test_Case.Meta_Master_Code" name="analyseURLs" time="1.237"/>
  <testcase classname="Test_Case.Meta_Master_Code" name="analyseURLs" time="1.191"/>
  <testcase classname="Test_Case.Meta_Master_Code" name="analyseURLs" time="2.465"/>
  <testcase classname="Test_Case.Meta_Master_Code" name="analyseURLs" time="1.387"/>
  <testcase classname="Test_Case.Meta_Master_Code" name="analyseURLs" time="1.476"/>
  <testcase classname="Test_Case.Meta_Master_Code" name="analyseURLs" time="1.468"/>
  <testcase classname="Test_Case.Meta_Master_Code" name="analyseURLs" time="0.530"/>
  <testcase classname="Test_Case.Meta_Master_Code" name="analyseURLs" time="1.722"/>
  <testcase classname="Test_Case.Meta_Master_Code" name="analyseURLs" time="1.358"/>
  <testcase classname="Test_Case.Meta_Master_Code" name="analyseURLs" time="1.368"/>
  <testcase classname="Test_Case.Meta_Master_Code" name="analyseURLs" time="1.281"/>
  <testcase classname="Test_Case.Meta_Master_Code" name="analyseURLs" time="1.335"/>
  <testcase classname="Test_Case.Meta_Master_Code" name="analyseURLs" time="2.012"/>
  <testcase classname="Test_Case.Meta_Master_Code" name="analyseURLs" time="1.481"/>
  <testcase classname="Test_Case.Meta_Master_Code" name="analyseURLs" time="1.387"/>
  <testcase classname="Test_Case.Meta_Master_Code" name="analyseURLs" time="1.262"/>
  <testcase classname="Test_Case.Meta_Master_Code" name="analyseURLs" time="1.883"/>
  <testcase classname="Test_Case.Meta_Master_Code" name="analyseURLs" time="1.967"/>
  <testcase classname="Test_Case.Meta_Master_Code" name="analyseURLs" time="1.611"/>
  <testcase classname="Test_Case.Meta_Master_Code" name="analyseURLs" time="1.308"/>
  <testcase classname="Test_Case.Meta_Master_Code" name="analyseURLs" time="1.522"/>
  <testcase classname="Test_Case.Meta_Master_Code" name="analyseURLs" time="1.456"/>
  <testcase classname="Test_Case.Meta_Master_Code" name="analyseURLs" time="1.233"/>
  <testcase classname="Test_Case.Meta_Master_Code" name="analyseURLs" time="1.223"/>
  <testcase classname="Test_Case.Meta_Master_Code" name="analyseURLs" time="1.405"/>
  <testcase classname="Test_Case.Meta_Master_Code" name="analyseURLs" time="1.145"/>
  <testcase classname="Test_Case.Meta_Master_Code" name="analyseURLs" time="1.358"/>
  <testcase classname="Test_Case.Meta_Master_Code" name="analyseURLs" time="1.441"/>
  <testcase classname="Test_Case.Meta_Master_Code" name="analyseURLs" time="1.372"/>
  <testcase classname="Test_Case.Meta_Master_Code" name="analyseURLs" time="2.170"/>
  <testcase classname="Test_Case.Meta_Master_Code" name="analyseURLs" time="1.444"/>
  <testcase classname="Test_Case.Meta_Master_Code" name="analyseURLs" time="1.709"/>
  <testcase classname="Test_Case.Meta_Master_Code" name="analyseURLs" time="1.370"/>
  <testcase classname="Test_Case.Meta_Master_Code" name="analyseURLs" time="1.186"/>
  <testcase classname="Test_Case.Meta_Master_Code" name="analyseURLs" time="1.259"/>
  <testcase classname="Test_Case.Meta_Master_Code" name="analyseURLs" time="1.668"/>
  <testcase classname="Test_Case.Meta_Master_Code" name="analyseURLs" time="1.446"/>
  <testcase classname="Test_Case.Meta_Master_Code" name="analyseURLs" time="1.562"/>
  <testcase classname="Test_Case.Meta_Master_Code" name="analyseURLs" time="2.886"/>
  <testcase classname="Test_Case.Meta_Master_Code" name="analyseURLs" time="1.503"/>
  <testcase classname="Test_Case.Meta_Master_Code" name="analyseURLs" time="1.132"/>
  <testcase classname="Test_Case.Meta_Master_Code" name="analyseURLs" time="1.317"/>
  <testcase classname="Test_Case.Meta_Master_Code" name="analyseURLs" time="1.531"/>
  <testcase classname="Test_Case.Meta_Master_Code" name="analyseURLs" time="1.337"/>
  <testcase classname="Test_Case.Meta_Master_Code" name="analyseURLs" time="1.573"/>
  <testcase classname="Test_Case.Meta_Master_Code" name="analyseURLs" time="1.282"/>
  <testcase classname="Test_Case.Meta_Master_Code" name="analyseURLs" time="1.627"/>
  <testcase classname="Test_Case.Meta_Master_Code" name="analyseURLs" time="1.879"/>
  <testcase classname="Test_Case.Meta_Master_Code" name="analyseURLs" time="1.818"/>
  <testcase classname="Test_Case.Meta_Master_Code" name="analyseURLs" time="1.446"/>
  <testcase classname="Test_Case.Meta_Master_Code" name="analyseURLs" time="1.453"/>
  <testcase classname="Test_Case.Meta_Master_Code" name="analyseURLs" time="1.426"/>
  <testcase classname="Test_Case.Meta_Master_Code" name="analyseURLs" time="1.669"/>
  <testcase classname="Test_Case.Meta_Master_Code" name="analyseURLs" time="1.313"/>
  <testcase classname="Test_Case.Meta_Master_Code" name="analyseURLs" time="1.157"/>
  <testcase classname="Test_Case.Meta_Master_Code" name="analyseURLs" time="1.675"/>
  <testcase classname="Test_Case.Meta_Master_Code" name="analyseURLs" time="1.293"/>
  <testcase classname="Test_Case.Meta_Master_Code" name="analyseURLs" time="1.234"/>
  <testcase classname="Test_Case.Meta_Master_Code" name="analyseURLs" time="1.345"/>
  <testcase classname="Test_Case.Meta_Master_Code" name="analyseURLs" time="1.335"/>
  <testcase classname="Test_Case.Meta_Master_Code" name="analyseURLs" time="2.178"/>
  <testcase classname="Test_Case.Meta_Master_Code" name="analyseURLs" time="1.486"/>
  <testcase classname="Test_Case.Meta_Master_Code" name="analyseURLs" time="1.519"/>
  <testcase classname="Test_Case.Meta_Master_Code" name="analyseURLs" time="1.446"/>
  <testcase classname="Test_Case.Meta_Master_Code" name="analyseURLs" time="1.371"/>
  <testcase classname="Test_Case.Meta_Master_Code" name="analyseURLs" time="1.309"/>
  <testcase classname="Test_Case.Meta_Master_Code" name="analyseURLs" time="1.156"/>
  <testcase classname="Test_Case.Meta_Master_Code" name="analyseURLs" time="1.423"/>
  <testcase classname="Test_Case.Meta_Master_Code" name="analyseURLs" time="1.309"/>
  <testcase classname="Test_Case.Meta_Master_Code" name="analyseURLs" time="1.223"/>
  <testcase classname="Test_Case.Meta_Master_Code" name="analyseURLs" time="1.400"/>
  <testcase classname="Test_Case.Meta_Master_Code" name="analyseURLs" time="1.289"/>
  <testcase classname="Test_Case.Meta_Master_Code" name="analyseURLs" time="1.337"/>
  <testcase classname="Test_Case.Meta_Master_Code" name="analyseURLs" time="1.548"/>
  <testcase classname="Test_Case.Meta_Master_Code" name="analyseURLs" time="1.437"/>
  <testcase classname="Test_Case.Meta_Master_Code" name="analyseURLs" time="1.466"/>
  <testcase classname="Test_Case.Meta_Master_Code" name="analyseURLs" time="0.577"/>
  <testcase classname="Test_Case.Meta_Master_Code" name="analyseURLs" time="1.288"/>
  <testcase classname="Test_Case.Meta_Master_Code" name="analyseURLs" time="1.616"/>
  <testcase classname="Test_Case.Meta_Master_Code" name="analyseURLs" time="1.360"/>
  <testcase classname="Test_Case.Meta_Master_Code" name="analyseURLs" time="2.481"/>
  <testcase classname="Test_Case.Meta_Master_Code" name="analyseURLs" time="1.286"/>
  <testcase classname="Test_Case.Meta_Master_Code" name="analyseURLs" time="1.288"/>
  <testcase classname="Test_Case.Meta_Master_Code" name="analyseURLs" time="1.238"/>
  <testcase classname="Test_Case.Meta_Master_Code" name="analyseURLs" time="1.262"/>
  <testcase classname="Test_Case.Meta_Master_Code" name="analyseURLs" time="1.280"/>
  <testcase classname="Test_Case.Meta_Master_Code" name="analyseURLs" time="1.407"/>
  <testcase classname="Test_Case.Meta_Master_Code" name="analyseURLs" time="1.371"/>
  <testcase classname="Test_Case.Meta_Master_Code" name="analyseURLs" time="1.269"/>
  <testcase classname="Test_Case.Meta_Master_Code" name="analyseURLs" time="1.230"/>
  <testcase classname="Test_Case.Meta_Master_Code" name="analyseURLs" time="1.289"/>
  <testcase classname="Test_Case.Meta_Master_Code" name="analyseURLs" time="1.545"/>
  <testcase classname="Test_Case.Meta_Master_Code" name="analyseURLs" time="1.335"/>
  <testcase classname="Test_Case.Meta_Master_Code" name="analyseURLs" time="1.349"/>
  <testcase classname="Test_Case.Meta_Master_Code" name="analyseURLs" time="2.621"/>
  <testcase classname="Test_Case.Meta_Master_Code" name="analyseURLs" time="2.518"/>
  <testcase classname="Test_Case.Meta_Master_Code" name="analyseURLs" time="1.301"/>
  <testcase classname="Test_Case.Meta_Master_Code" name="analyseURLs" time="1.428"/>
  <testcase classname="Test_Case.Meta_Master_Code" name="analyseURLs" time="1.331"/>
  <testcase classname="Test_Case.Meta_Master_Code" name="analyseURLs" time="2.265"/>
  <testcase classname="Test_Case.Meta_Master_Code" name="analyseURLs" time="1.369"/>
  <testcase classname="Test_Case.Meta_Master_Code" name="analyseURLs" time="1.447"/>
  <testcase classname="Test_Case.Meta_Master_Code" name="analyseURLs" time="1.111"/>
  <testcase classname="Test_Case.Meta_Master_Code" name="analyseURLs" time="2.164"/>
  <testcase classname="Test_Case.Meta_Master_Code" name="analyseURLs" time="1.212"/>
  <testcase classname="Test_Case.Meta_Master_Code" name="analyseURLs" time="1.423"/>
  <testcase classname="Test_Case.Meta_Master_Code" name="analyseURLs" time="1.309"/>
  <testcase classname="Test_Case.Meta_Master_Code" name="analyseURLs" time="1.518"/>
  <testcase classname="Test_Case.Meta_Master_Code" name="analyseURLs" time="1.332"/>
  <testcase classname="Test_Case.Meta_Master_Code" name="analyseURLs" time="1.503"/>
  <testcase classname="Test_Case.Meta_Master_Code" name="analyseURLs" time="1.346"/>
  <testcase classname="Test_Case.Meta_Master_Code" name="analyseURLs" time="1.393"/>
  <testcase classname="Test_Case.Meta_Master_Code" name="analyseURLs" time="1.022"/>
  <testcase classname="Test_Case.Meta_Master_Code" name="analyseURLs" time="1.537"/>
  <testcase classname="Test_Case.Meta_Master_Code" name="analyseURLs" time="1.308"/>
  <testcase classname="Test_Case.Meta_Master_Code" name="analyseURLs" time="1.068"/>
  <testcase classname="Test_Case.Meta_Master_Code" name="analyseURLs" time="1.178"/>
  <testcase classname="Test_Case.Meta_Master_Code" name="analyseURLs" time="1.402"/>
  <testcase classname="Test_Case.Meta_Master_Code" name="analyseURLs" time="1.110"/>
  <testcase classname="Test_Case.Meta_Master_Code" name="analyseURLs" time="1.979"/>
  <testcase classname="Test_Case.Meta_Master_Code" name="analyseURLs" time="6.582"/>
  <testcase classname="Test_Case.Meta_Master_Code" name="analyseURLs" time="1.540"/>
  <testcase classname="Test_Case.Meta_Master_Code" name="analyseURLs" time="1.187"/>
  <testcase classname="Test_Case.Meta_Master_Code" name="analyseURLs" time="0.568"/>
  <testcase classname="Test_Case.Meta_Master_Code" name="analyseURLs" time="2.079"/>
  <testcase classname="Test_Case.Meta_Master_Code" name="analyseURLs" time="1.308"/>
  <testcase classname="Test_Case.Meta_Master_Code" name="analyseURLs" time="1.069"/>
  <testcase classname="Test_Case.Meta_Master_Code" name="analyseURLs" time="1.274"/>
  <testcase classname="Test_Case.Meta_Master_Code" name="analyseURLs" time="1.354"/>
  <testcase classname="Test_Case.Meta_Master_Code" name="analyseURLs" time="1.185"/>
  <testcase classname="Test_Case.Meta_Master_Code" name="analyseURLs" time="1.550"/>
  <testcase classname="Test_Case.Meta_Master_Code" name="analyseURLs" time="1.321"/>
  <testcase classname="Test_Case.Meta_Master_Code" name="analyseURLs" time="1.321"/>
  <testcase classname="Test_Case.Meta_Master_Code" name="analyseURLs" time="1.314"/>
  <testcase classname="Test_Case.Meta_Master_Code" name="analyseURLs" time="2.531"/>
  <testcase classname="Test_Case.Meta_Master_Code" name="analyseURLs" time="1.597"/>
  <testcase classname="Test_Case.Meta_Master_Code" name="analyseURLs" time="1.376"/>
  <testcase classname="Test_Case.Meta_Master_Code" name="analyseURLs" time="1.464"/>
  <testcase classname="Test_Case.Meta_Master_Code" name="analyseURLs" time="1.344"/>
  <testcase classname="Test_Case.Meta_Master_Code" name="analyseURLs" time="1.201"/>
  <testcase classname="Test_Case.Meta_Master_Code" name="analyseURLs" time="1.662"/>
  <testcase classname="Test_Case.Meta_Master_Code" name="analyseURLs" time="1.244"/>
  <testcase classname="Test_Case.Meta_Master_Code" name="analyseURLs" time="2.265"/>
  <testcase classname="Test_Case.Meta_Master_Code" name="analyseURLs" time="1.355"/>
  <testcase classname="Test_Case.Meta_Master_Code" name="analyseURLs" time="1.732"/>
  <testcase classname="Test_Case.Meta_Master_Code" name="analyseURLs" time="1.693"/>
  <testcase classname="Test_Case.Meta_Master_Code" name="analyseURLs" time="1.712"/>
  <testcase classname="Test_Case.Meta_Master_Code" name="analyseURLs" time="1.318"/>
  <testcase classname="Test_Case.Meta_Master_Code" name="analyseURLs" time="1.415"/>
  <testcase classname="Test_Case.Meta_Master_Code" name="analyseURLs" time="1.257"/>
  <testcase classname="Test_Case.Meta_Master_Code" name="analyseURLs" time="1.203"/>
  <testcase classname="Test_Case.Meta_Master_Code" name="analyseURLs" time="1.296"/>
  <testcase classname="Test_Case.Meta_Master_Code" name="analyseURLs" time="1.387"/>
  <testcase classname="Test_Case.Meta_Master_Code" name="analyseURLs" time="1.301"/>
  <testcase classname="Test_Case.Meta_Master_Code" name="deleteExcelIfNoSheet" time="0.010"/>
</testsuite> <!-- Test_Case.Meta_Master_Code -->
