<?xml version="1.0" encoding="UTF-8"?>
<!-- Generated by org.testng.reporters.JUnitReportReporter -->
<testsuite hostname="DESKTOP-SKRGRIP" failures="0" tests="39" name="Test_Case.Meta_Phase2_Copy_1" time="202.219" errors="0" timestamp="2025-06-16T17:52:46 IST" skipped="0">
  <testcase classname="Test_Case.Meta_Phase2_Copy_1" name="Fetchdata" time="143.663"/>
  <testcase classname="Test_Case.Meta_Phase2_Copy_1" name="analyseURLs" time="1.472"/>
  <testcase classname="Test_Case.Meta_Phase2_Copy_1" name="analyseURLs" time="2.735"/>
  <testcase classname="Test_Case.Meta_Phase2_Copy_1" name="analyseURLs" time="1.347"/>
  <testcase classname="Test_Case.Meta_Phase2_Copy_1" name="analyseURLs" time="1.777"/>
  <testcase classname="Test_Case.Meta_Phase2_Copy_1" name="analyseURLs" time="1.490"/>
  <testcase classname="Test_Case.Meta_Phase2_Copy_1" name="analyseURLs" time="1.551"/>
  <testcase classname="Test_Case.Meta_Phase2_Copy_1" name="analyseURLs" time="1.474"/>
  <testcase classname="Test_Case.Meta_Phase2_Copy_1" name="analyseURLs" time="1.492"/>
  <testcase classname="Test_Case.Meta_Phase2_Copy_1" name="analyseURLs" time="1.486"/>
  <testcase classname="Test_Case.Meta_Phase2_Copy_1" name="analyseURLs" time="1.784"/>
  <testcase classname="Test_Case.Meta_Phase2_Copy_1" name="analyseURLs" time="1.563"/>
  <testcase classname="Test_Case.Meta_Phase2_Copy_1" name="analyseURLs" time="1.378"/>
  <testcase classname="Test_Case.Meta_Phase2_Copy_1" name="analyseURLs" time="1.242"/>
  <testcase classname="Test_Case.Meta_Phase2_Copy_1" name="analyseURLs" time="2.178"/>
  <testcase classname="Test_Case.Meta_Phase2_Copy_1" name="analyseURLs" time="1.305"/>
  <testcase classname="Test_Case.Meta_Phase2_Copy_1" name="analyseURLs" time="1.455"/>
  <testcase classname="Test_Case.Meta_Phase2_Copy_1" name="analyseURLs" time="1.915"/>
  <testcase classname="Test_Case.Meta_Phase2_Copy_1" name="analyseURLs" time="1.512"/>
  <testcase classname="Test_Case.Meta_Phase2_Copy_1" name="analyseURLs" time="1.295"/>
  <testcase classname="Test_Case.Meta_Phase2_Copy_1" name="analyseURLs" time="1.314"/>
  <testcase classname="Test_Case.Meta_Phase2_Copy_1" name="analyseURLs" time="1.320"/>
  <testcase classname="Test_Case.Meta_Phase2_Copy_1" name="analyseURLs" time="1.312"/>
  <testcase classname="Test_Case.Meta_Phase2_Copy_1" name="analyseURLs" time="1.374"/>
  <testcase classname="Test_Case.Meta_Phase2_Copy_1" name="analyseURLs" time="1.354"/>
  <testcase classname="Test_Case.Meta_Phase2_Copy_1" name="analyseURLs" time="1.284"/>
  <testcase classname="Test_Case.Meta_Phase2_Copy_1" name="analyseURLs" time="1.671"/>
  <testcase classname="Test_Case.Meta_Phase2_Copy_1" name="analyseURLs" time="1.249"/>
  <testcase classname="Test_Case.Meta_Phase2_Copy_1" name="analyseURLs" time="1.570"/>
  <testcase classname="Test_Case.Meta_Phase2_Copy_1" name="analyseURLs" time="1.454"/>
  <testcase classname="Test_Case.Meta_Phase2_Copy_1" name="analyseURLs" time="1.785"/>
  <testcase classname="Test_Case.Meta_Phase2_Copy_1" name="analyseURLs" time="1.631"/>
  <testcase classname="Test_Case.Meta_Phase2_Copy_1" name="analyseURLs" time="1.457"/>
  <testcase classname="Test_Case.Meta_Phase2_Copy_1" name="analyseURLs" time="2.130"/>
  <testcase classname="Test_Case.Meta_Phase2_Copy_1" name="analyseURLs" time="1.432"/>
  <testcase classname="Test_Case.Meta_Phase2_Copy_1" name="analyseURLs" time="1.727"/>
  <testcase classname="Test_Case.Meta_Phase2_Copy_1" name="analyseURLs" time="1.490"/>
  <testcase classname="Test_Case.Meta_Phase2_Copy_1" name="analyseURLs" time="1.263"/>
  <testcase classname="Test_Case.Meta_Phase2_Copy_1" name="analyseURLs" time="1.288"/>
</testsuite> <!-- Test_Case.Meta_Phase2_Copy_1 -->
