<?xml version="1.0" encoding="UTF-8"?>
<!-- Generated by org.testng.reporters.JUnitReportReporter -->
<testsuite hostname="DESKTOP-SKRGRIP" failures="0" tests="50" name="Test_Case.Trash" time="187.753" errors="0" timestamp="2025-07-16T16:30:15 IST" skipped="0">
  <testcase classname="Test_Case.Trash" name="analyseURLs" time="2.927"/>
  <testcase classname="Test_Case.Trash" name="analyseURLs" time="2.607"/>
  <testcase classname="Test_Case.Trash" name="analyseURLs" time="2.024"/>
  <testcase classname="Test_Case.Trash" name="analyseURLs" time="3.202"/>
  <testcase classname="Test_Case.Trash" name="analyseURLs" time="3.088"/>
  <testcase classname="Test_Case.Trash" name="analyseURLs" time="4.019"/>
  <testcase classname="Test_Case.Trash" name="analyseURLs" time="1.514"/>
  <testcase classname="Test_Case.Trash" name="analyseURLs" time="4.395"/>
  <testcase classname="Test_Case.Trash" name="analyseURLs" time="1.819"/>
  <testcase classname="Test_Case.Trash" name="analyseURLs" time="3.697"/>
  <testcase classname="Test_Case.Trash" name="analyseURLs" time="3.682"/>
  <testcase classname="Test_Case.Trash" name="analyseURLs" time="2.658"/>
  <testcase classname="Test_Case.Trash" name="analyseURLs" time="7.778"/>
  <testcase classname="Test_Case.Trash" name="analyseURLs" time="3.223"/>
  <testcase classname="Test_Case.Trash" name="analyseURLs" time="1.861"/>
  <testcase classname="Test_Case.Trash" name="analyseURLs" time="2.198"/>
  <testcase classname="Test_Case.Trash" name="analyseURLs" time="1.943"/>
  <testcase classname="Test_Case.Trash" name="analyseURLs" time="2.246"/>
  <testcase classname="Test_Case.Trash" name="analyseURLs" time="4.138"/>
  <testcase classname="Test_Case.Trash" name="analyseURLs" time="0.592"/>
  <testcase classname="Test_Case.Trash" name="analyseURLs" time="1.805"/>
  <testcase classname="Test_Case.Trash" name="analyseURLs" time="1.567"/>
  <testcase classname="Test_Case.Trash" name="analyseURLs" time="0.956"/>
  <testcase classname="Test_Case.Trash" name="analyseURLs" time="2.427"/>
  <testcase classname="Test_Case.Trash" name="analyseURLs" time="1.090"/>
  <testcase classname="Test_Case.Trash" name="analyseURLs" time="2.990"/>
  <testcase classname="Test_Case.Trash" name="analyseURLs" time="3.891"/>
  <testcase classname="Test_Case.Trash" name="analyseURLs" time="1.129"/>
  <testcase classname="Test_Case.Trash" name="analyseURLs" time="1.555"/>
  <testcase classname="Test_Case.Trash" name="analyseURLs" time="4.849"/>
  <testcase classname="Test_Case.Trash" name="analyseURLs" time="7.458"/>
  <testcase classname="Test_Case.Trash" name="analyseURLs" time="5.754"/>
  <testcase classname="Test_Case.Trash" name="analyseURLs" time="5.728"/>
  <testcase classname="Test_Case.Trash" name="analyseURLs" time="1.160"/>
  <testcase classname="Test_Case.Trash" name="analyseURLs" time="2.261"/>
  <testcase classname="Test_Case.Trash" name="analyseURLs" time="9.954"/>
  <testcase classname="Test_Case.Trash" name="analyseURLs" time="3.559"/>
  <testcase classname="Test_Case.Trash" name="analyseURLs" time="1.109"/>
  <testcase classname="Test_Case.Trash" name="analyseURLs" time="38.223"/>
  <testcase classname="Test_Case.Trash" name="analyseURLs" time="7.926"/>
  <testcase classname="Test_Case.Trash" name="analyseURLs" time="1.963"/>
  <testcase classname="Test_Case.Trash" name="analyseURLs" time="2.442"/>
  <testcase classname="Test_Case.Trash" name="analyseURLs" time="0.400"/>
  <testcase classname="Test_Case.Trash" name="analyseURLs" time="2.446"/>
  <testcase classname="Test_Case.Trash" name="analyseURLs" time="1.133"/>
  <testcase classname="Test_Case.Trash" name="analyseURLs" time="4.157"/>
  <testcase classname="Test_Case.Trash" name="analyseURLs" time="2.761"/>
  <testcase classname="Test_Case.Trash" name="analyseURLs" time="2.564"/>
  <testcase classname="Test_Case.Trash" name="analyseURLs" time="4.626"/>
  <testcase classname="Test_Case.Trash" name="analyseURLs" time="0.259"/>
</testsuite> <!-- Test_Case.Trash -->
