<?xml version="1.0" encoding="UTF-8"?>
<!-- Generated by org.testng.reporters.JUnitReportReporter -->
<testsuite hostname="DESKTOP-SKRGRIP" failures="0" tests="1" name="Test_Case.Sample_Test" time="4.124" errors="0" timestamp="2025-06-17T14:12:36 IST" skipped="0">
  <testcase classname="Test_Case.Sample_Test" name="test" time="4.124"/>
</testsuite> <!-- Test_Case.Sample_Test -->
