<?xml version="1.0" encoding="UTF-8"?>
<!-- Generated by org.testng.reporters.JUnitReportReporter -->
<testsuite hostname="DESKTOP-SKRGRIP" failures="0" tests="33" name="Test_Case.Run_the_ExcelLinks" time="111.944" errors="0" timestamp="2025-06-20T16:30:13 IST" skipped="0">
  <testcase classname="Test_Case.Run_the_ExcelLinks" name="analyseURLs" time="3.256"/>
  <testcase classname="Test_Case.Run_the_ExcelLinks" name="analyseURLs" time="3.378"/>
  <testcase classname="Test_Case.Run_the_ExcelLinks" name="analyseURLs" time="3.335"/>
  <testcase classname="Test_Case.Run_the_ExcelLinks" name="analyseURLs" time="3.189"/>
  <testcase classname="Test_Case.Run_the_ExcelLinks" name="analyseURLs" time="3.418"/>
  <testcase classname="Test_Case.Run_the_ExcelLinks" name="analyseURLs" time="3.214"/>
  <testcase classname="Test_Case.Run_the_ExcelLinks" name="analyseURLs" time="3.591"/>
  <testcase classname="Test_Case.Run_the_ExcelLinks" name="analyseURLs" time="3.617"/>
  <testcase classname="Test_Case.Run_the_ExcelLinks" name="analyseURLs" time="3.272"/>
  <testcase classname="Test_Case.Run_the_ExcelLinks" name="analyseURLs" time="3.372"/>
  <testcase classname="Test_Case.Run_the_ExcelLinks" name="analyseURLs" time="3.611"/>
  <testcase classname="Test_Case.Run_the_ExcelLinks" name="analyseURLs" time="3.328"/>
  <testcase classname="Test_Case.Run_the_ExcelLinks" name="analyseURLs" time="3.317"/>
  <testcase classname="Test_Case.Run_the_ExcelLinks" name="analyseURLs" time="3.356"/>
  <testcase classname="Test_Case.Run_the_ExcelLinks" name="analyseURLs" time="3.560"/>
  <testcase classname="Test_Case.Run_the_ExcelLinks" name="analyseURLs" time="3.322"/>
  <testcase classname="Test_Case.Run_the_ExcelLinks" name="analyseURLs" time="3.286"/>
  <testcase classname="Test_Case.Run_the_ExcelLinks" name="analyseURLs" time="3.457"/>
  <testcase classname="Test_Case.Run_the_ExcelLinks" name="analyseURLs" time="3.255"/>
  <testcase classname="Test_Case.Run_the_ExcelLinks" name="analyseURLs" time="3.451"/>
  <testcase classname="Test_Case.Run_the_ExcelLinks" name="analyseURLs" time="3.216"/>
  <testcase classname="Test_Case.Run_the_ExcelLinks" name="analyseURLs" time="4.029"/>
  <testcase classname="Test_Case.Run_the_ExcelLinks" name="analyseURLs" time="3.385"/>
  <testcase classname="Test_Case.Run_the_ExcelLinks" name="analyseURLs" time="3.334"/>
  <testcase classname="Test_Case.Run_the_ExcelLinks" name="analyseURLs" time="3.268"/>
  <testcase classname="Test_Case.Run_the_ExcelLinks" name="analyseURLs" time="3.524"/>
  <testcase classname="Test_Case.Run_the_ExcelLinks" name="analyseURLs" time="3.294"/>
  <testcase classname="Test_Case.Run_the_ExcelLinks" name="analyseURLs" time="3.437"/>
  <testcase classname="Test_Case.Run_the_ExcelLinks" name="analyseURLs" time="3.322"/>
  <testcase classname="Test_Case.Run_the_ExcelLinks" name="analyseURLs" time="3.339"/>
  <testcase classname="Test_Case.Run_the_ExcelLinks" name="analyseURLs" time="3.354"/>
  <testcase classname="Test_Case.Run_the_ExcelLinks" name="analyseURLs" time="3.572"/>
  <testcase classname="Test_Case.Run_the_ExcelLinks" name="analyseURLs" time="3.285"/>
</testsuite> <!-- Test_Case.Run_the_ExcelLinks -->
