<?xml version="1.0" encoding="UTF-8"?>
<!-- Generated by org.testng.reporters.JUnitReportReporter -->
<testsuite hostname="DESKTOP-SKRGRIP" failures="0" tests="39" name="Test_Case.Meta_002" time="168.212" errors="0" timestamp="2025-06-18T17:13:46 IST" skipped="0">
  <testcase classname="Test_Case.Meta_002" name="Fetchdata" time="59.419"/>
  <testcase classname="Test_Case.Meta_002" name="Fetchdata" time="56.607"/>
  <testcase classname="Test_Case.Meta_002" name="analyseURLs" time="1.324"/>
  <testcase classname="Test_Case.Meta_002" name="analyseURLs" time="1.322"/>
  <testcase classname="Test_Case.Meta_002" name="analyseURLs" time="1.273"/>
  <testcase classname="Test_Case.Meta_002" name="analyseURLs" time="1.274"/>
  <testcase classname="Test_Case.Meta_002" name="analyseURLs" time="1.225"/>
  <testcase classname="Test_Case.Meta_002" name="analyseURLs" time="2.096"/>
  <testcase classname="Test_Case.Meta_002" name="analyseURLs" time="1.395"/>
  <testcase classname="Test_Case.Meta_002" name="analyseURLs" time="1.283"/>
  <testcase classname="Test_Case.Meta_002" name="analyseURLs" time="1.589"/>
  <testcase classname="Test_Case.Meta_002" name="analyseURLs" time="1.250"/>
  <testcase classname="Test_Case.Meta_002" name="analyseURLs" time="1.263"/>
  <testcase classname="Test_Case.Meta_002" name="analyseURLs" time="1.251"/>
  <testcase classname="Test_Case.Meta_002" name="analyseURLs" time="1.485"/>
  <testcase classname="Test_Case.Meta_002" name="analyseURLs" time="1.362"/>
  <testcase classname="Test_Case.Meta_002" name="analyseURLs" time="1.267"/>
  <testcase classname="Test_Case.Meta_002" name="analyseURLs" time="1.287"/>
  <testcase classname="Test_Case.Meta_002" name="analyseURLs" time="1.247"/>
  <testcase classname="Test_Case.Meta_002" name="analyseURLs" time="1.357"/>
  <testcase classname="Test_Case.Meta_002" name="analyseURLs" time="1.288"/>
  <testcase classname="Test_Case.Meta_002" name="analyseURLs" time="1.272"/>
  <testcase classname="Test_Case.Meta_002" name="analyseURLs" time="1.526"/>
  <testcase classname="Test_Case.Meta_002" name="analyseURLs" time="1.264"/>
  <testcase classname="Test_Case.Meta_002" name="analyseURLs" time="1.262"/>
  <testcase classname="Test_Case.Meta_002" name="analyseURLs" time="3.628"/>
  <testcase classname="Test_Case.Meta_002" name="analyseURLs" time="1.520"/>
  <testcase classname="Test_Case.Meta_002" name="analyseURLs" time="1.255"/>
  <testcase classname="Test_Case.Meta_002" name="analyseURLs" time="1.237"/>
  <testcase classname="Test_Case.Meta_002" name="analyseURLs" time="1.282"/>
  <testcase classname="Test_Case.Meta_002" name="analyseURLs" time="1.272"/>
  <testcase classname="Test_Case.Meta_002" name="analyseURLs" time="1.257"/>
  <testcase classname="Test_Case.Meta_002" name="analyseURLs" time="1.278"/>
  <testcase classname="Test_Case.Meta_002" name="analyseURLs" time="1.250"/>
  <testcase classname="Test_Case.Meta_002" name="analyseURLs" time="1.481"/>
  <testcase classname="Test_Case.Meta_002" name="analyseURLs" time="1.228"/>
  <testcase classname="Test_Case.Meta_002" name="analyseURLs" time="1.375"/>
  <testcase classname="Test_Case.Meta_002" name="analyseURLs" time="1.249"/>
  <testcase classname="Test_Case.Meta_002" name="analyseURLs" time="1.712"/>
</testsuite> <!-- Test_Case.Meta_002 -->
