<?xml version="1.0" encoding="UTF-8"?>
<!-- Generated by org.testng.reporters.JUnitReportReporter -->
<testsuite hostname="DESKTOP-SKRGRIP" failures="0" tests="216" name="Test_Case.Meta_Master_Code_inprogess" time="586.134" errors="0" timestamp="2025-06-25T11:55:20 IST" skipped="0">
  <testcase classname="Test_Case.Meta_Master_Code_inprogess" name="Fetchdata" time="319.353"/>
  <testcase classname="Test_Case.Meta_Master_Code_inprogess" name="analyseURLs" time="1.306"/>
  <testcase classname="Test_Case.Meta_Master_Code_inprogess" name="analyseURLs" time="1.285"/>
  <testcase classname="Test_Case.Meta_Master_Code_inprogess" name="analyseURLs" time="1.313"/>
  <testcase classname="Test_Case.Meta_Master_Code_inprogess" name="analyseURLs" time="1.165"/>
  <testcase classname="Test_Case.Meta_Master_Code_inprogess" name="analyseURLs" time="1.558"/>
  <testcase classname="Test_Case.Meta_Master_Code_inprogess" name="analyseURLs" time="1.284"/>
  <testcase classname="Test_Case.Meta_Master_Code_inprogess" name="analyseURLs" time="1.318"/>
  <testcase classname="Test_Case.Meta_Master_Code_inprogess" name="analyseURLs" time="1.242"/>
  <testcase classname="Test_Case.Meta_Master_Code_inprogess" name="analyseURLs" time="3.315"/>
  <testcase classname="Test_Case.Meta_Master_Code_inprogess" name="analyseURLs" time="1.139"/>
  <testcase classname="Test_Case.Meta_Master_Code_inprogess" name="analyseURLs" time="1.115"/>
  <testcase classname="Test_Case.Meta_Master_Code_inprogess" name="analyseURLs" time="1.154"/>
  <testcase classname="Test_Case.Meta_Master_Code_inprogess" name="analyseURLs" time="1.356"/>
  <testcase classname="Test_Case.Meta_Master_Code_inprogess" name="analyseURLs" time="1.311"/>
  <testcase classname="Test_Case.Meta_Master_Code_inprogess" name="analyseURLs" time="1.249"/>
  <testcase classname="Test_Case.Meta_Master_Code_inprogess" name="analyseURLs" time="1.085"/>
  <testcase classname="Test_Case.Meta_Master_Code_inprogess" name="analyseURLs" time="1.169"/>
  <testcase classname="Test_Case.Meta_Master_Code_inprogess" name="analyseURLs" time="1.325"/>
  <testcase classname="Test_Case.Meta_Master_Code_inprogess" name="analyseURLs" time="1.248"/>
  <testcase classname="Test_Case.Meta_Master_Code_inprogess" name="analyseURLs" time="2.328"/>
  <testcase classname="Test_Case.Meta_Master_Code_inprogess" name="analyseURLs" time="1.150"/>
  <testcase classname="Test_Case.Meta_Master_Code_inprogess" name="analyseURLs" time="1.238"/>
  <testcase classname="Test_Case.Meta_Master_Code_inprogess" name="analyseURLs" time="1.157"/>
  <testcase classname="Test_Case.Meta_Master_Code_inprogess" name="analyseURLs" time="1.217"/>
  <testcase classname="Test_Case.Meta_Master_Code_inprogess" name="analyseURLs" time="1.193"/>
  <testcase classname="Test_Case.Meta_Master_Code_inprogess" name="analyseURLs" time="1.369"/>
  <testcase classname="Test_Case.Meta_Master_Code_inprogess" name="analyseURLs" time="1.059"/>
  <testcase classname="Test_Case.Meta_Master_Code_inprogess" name="analyseURLs" time="1.337"/>
  <testcase classname="Test_Case.Meta_Master_Code_inprogess" name="analyseURLs" time="1.244"/>
  <testcase classname="Test_Case.Meta_Master_Code_inprogess" name="analyseURLs" time="1.212"/>
  <testcase classname="Test_Case.Meta_Master_Code_inprogess" name="analyseURLs" time="1.265"/>
  <testcase classname="Test_Case.Meta_Master_Code_inprogess" name="analyseURLs" time="1.150"/>
  <testcase classname="Test_Case.Meta_Master_Code_inprogess" name="analyseURLs" time="1.153"/>
  <testcase classname="Test_Case.Meta_Master_Code_inprogess" name="analyseURLs" time="1.214"/>
  <testcase classname="Test_Case.Meta_Master_Code_inprogess" name="analyseURLs" time="1.075"/>
  <testcase classname="Test_Case.Meta_Master_Code_inprogess" name="analyseURLs" time="1.314"/>
  <testcase classname="Test_Case.Meta_Master_Code_inprogess" name="analyseURLs" time="1.232"/>
  <testcase classname="Test_Case.Meta_Master_Code_inprogess" name="analyseURLs" time="1.344"/>
  <testcase classname="Test_Case.Meta_Master_Code_inprogess" name="analyseURLs" time="1.203"/>
  <testcase classname="Test_Case.Meta_Master_Code_inprogess" name="analyseURLs" time="1.101"/>
  <testcase classname="Test_Case.Meta_Master_Code_inprogess" name="analyseURLs" time="1.137"/>
  <testcase classname="Test_Case.Meta_Master_Code_inprogess" name="analyseURLs" time="1.279"/>
  <testcase classname="Test_Case.Meta_Master_Code_inprogess" name="analyseURLs" time="1.278"/>
  <testcase classname="Test_Case.Meta_Master_Code_inprogess" name="analyseURLs" time="1.112"/>
  <testcase classname="Test_Case.Meta_Master_Code_inprogess" name="analyseURLs" time="1.235"/>
  <testcase classname="Test_Case.Meta_Master_Code_inprogess" name="analyseURLs" time="1.082"/>
  <testcase classname="Test_Case.Meta_Master_Code_inprogess" name="analyseURLs" time="1.155"/>
  <testcase classname="Test_Case.Meta_Master_Code_inprogess" name="analyseURLs" time="1.271"/>
  <testcase classname="Test_Case.Meta_Master_Code_inprogess" name="analyseURLs" time="1.187"/>
  <testcase classname="Test_Case.Meta_Master_Code_inprogess" name="analyseURLs" time="1.272"/>
  <testcase classname="Test_Case.Meta_Master_Code_inprogess" name="analyseURLs" time="1.065"/>
  <testcase classname="Test_Case.Meta_Master_Code_inprogess" name="analyseURLs" time="1.146"/>
  <testcase classname="Test_Case.Meta_Master_Code_inprogess" name="analyseURLs" time="1.175"/>
  <testcase classname="Test_Case.Meta_Master_Code_inprogess" name="analyseURLs" time="1.184"/>
  <testcase classname="Test_Case.Meta_Master_Code_inprogess" name="analyseURLs" time="1.282"/>
  <testcase classname="Test_Case.Meta_Master_Code_inprogess" name="analyseURLs" time="1.083"/>
  <testcase classname="Test_Case.Meta_Master_Code_inprogess" name="analyseURLs" time="1.280"/>
  <testcase classname="Test_Case.Meta_Master_Code_inprogess" name="analyseURLs" time="1.428"/>
  <testcase classname="Test_Case.Meta_Master_Code_inprogess" name="analyseURLs" time="1.265"/>
  <testcase classname="Test_Case.Meta_Master_Code_inprogess" name="analyseURLs" time="1.346"/>
  <testcase classname="Test_Case.Meta_Master_Code_inprogess" name="analyseURLs" time="1.108"/>
  <testcase classname="Test_Case.Meta_Master_Code_inprogess" name="analyseURLs" time="1.106"/>
  <testcase classname="Test_Case.Meta_Master_Code_inprogess" name="analyseURLs" time="1.232"/>
  <testcase classname="Test_Case.Meta_Master_Code_inprogess" name="analyseURLs" time="1.179"/>
  <testcase classname="Test_Case.Meta_Master_Code_inprogess" name="analyseURLs" time="1.084"/>
  <testcase classname="Test_Case.Meta_Master_Code_inprogess" name="analyseURLs" time="1.044"/>
  <testcase classname="Test_Case.Meta_Master_Code_inprogess" name="analyseURLs" time="1.022"/>
  <testcase classname="Test_Case.Meta_Master_Code_inprogess" name="analyseURLs" time="1.090"/>
  <testcase classname="Test_Case.Meta_Master_Code_inprogess" name="analyseURLs" time="1.201"/>
  <testcase classname="Test_Case.Meta_Master_Code_inprogess" name="analyseURLs" time="1.163"/>
  <testcase classname="Test_Case.Meta_Master_Code_inprogess" name="analyseURLs" time="1.234"/>
  <testcase classname="Test_Case.Meta_Master_Code_inprogess" name="analyseURLs" time="1.252"/>
  <testcase classname="Test_Case.Meta_Master_Code_inprogess" name="analyseURLs" time="1.230"/>
  <testcase classname="Test_Case.Meta_Master_Code_inprogess" name="analyseURLs" time="1.276"/>
  <testcase classname="Test_Case.Meta_Master_Code_inprogess" name="analyseURLs" time="1.185"/>
  <testcase classname="Test_Case.Meta_Master_Code_inprogess" name="analyseURLs" time="1.247"/>
  <testcase classname="Test_Case.Meta_Master_Code_inprogess" name="analyseURLs" time="1.489"/>
  <testcase classname="Test_Case.Meta_Master_Code_inprogess" name="analyseURLs" time="1.159"/>
  <testcase classname="Test_Case.Meta_Master_Code_inprogess" name="analyseURLs" time="1.357"/>
  <testcase classname="Test_Case.Meta_Master_Code_inprogess" name="analyseURLs" time="1.074"/>
  <testcase classname="Test_Case.Meta_Master_Code_inprogess" name="analyseURLs" time="1.187"/>
  <testcase classname="Test_Case.Meta_Master_Code_inprogess" name="analyseURLs" time="1.134"/>
  <testcase classname="Test_Case.Meta_Master_Code_inprogess" name="analyseURLs" time="1.062"/>
  <testcase classname="Test_Case.Meta_Master_Code_inprogess" name="analyseURLs" time="1.152"/>
  <testcase classname="Test_Case.Meta_Master_Code_inprogess" name="analyseURLs" time="1.254"/>
  <testcase classname="Test_Case.Meta_Master_Code_inprogess" name="analyseURLs" time="1.105"/>
  <testcase classname="Test_Case.Meta_Master_Code_inprogess" name="analyseURLs" time="1.427"/>
  <testcase classname="Test_Case.Meta_Master_Code_inprogess" name="analyseURLs" time="1.070"/>
  <testcase classname="Test_Case.Meta_Master_Code_inprogess" name="analyseURLs" time="1.159"/>
  <testcase classname="Test_Case.Meta_Master_Code_inprogess" name="analyseURLs" time="1.075"/>
  <testcase classname="Test_Case.Meta_Master_Code_inprogess" name="analyseURLs" time="1.083"/>
  <testcase classname="Test_Case.Meta_Master_Code_inprogess" name="analyseURLs" time="1.400"/>
  <testcase classname="Test_Case.Meta_Master_Code_inprogess" name="analyseURLs" time="1.229"/>
  <testcase classname="Test_Case.Meta_Master_Code_inprogess" name="analyseURLs" time="1.118"/>
  <testcase classname="Test_Case.Meta_Master_Code_inprogess" name="analyseURLs" time="1.264"/>
  <testcase classname="Test_Case.Meta_Master_Code_inprogess" name="analyseURLs" time="1.266"/>
  <testcase classname="Test_Case.Meta_Master_Code_inprogess" name="analyseURLs" time="1.150"/>
  <testcase classname="Test_Case.Meta_Master_Code_inprogess" name="analyseURLs" time="1.220"/>
  <testcase classname="Test_Case.Meta_Master_Code_inprogess" name="analyseURLs" time="1.193"/>
  <testcase classname="Test_Case.Meta_Master_Code_inprogess" name="analyseURLs" time="1.409"/>
  <testcase classname="Test_Case.Meta_Master_Code_inprogess" name="analyseURLs" time="1.141"/>
  <testcase classname="Test_Case.Meta_Master_Code_inprogess" name="analyseURLs" time="1.208"/>
  <testcase classname="Test_Case.Meta_Master_Code_inprogess" name="analyseURLs" time="1.157"/>
  <testcase classname="Test_Case.Meta_Master_Code_inprogess" name="analyseURLs" time="1.427"/>
  <testcase classname="Test_Case.Meta_Master_Code_inprogess" name="analyseURLs" time="1.397"/>
  <testcase classname="Test_Case.Meta_Master_Code_inprogess" name="analyseURLs" time="1.043"/>
  <testcase classname="Test_Case.Meta_Master_Code_inprogess" name="analyseURLs" time="1.298"/>
  <testcase classname="Test_Case.Meta_Master_Code_inprogess" name="analyseURLs" time="1.393"/>
  <testcase classname="Test_Case.Meta_Master_Code_inprogess" name="analyseURLs" time="1.131"/>
  <testcase classname="Test_Case.Meta_Master_Code_inprogess" name="analyseURLs" time="1.146"/>
  <testcase classname="Test_Case.Meta_Master_Code_inprogess" name="analyseURLs" time="1.123"/>
  <testcase classname="Test_Case.Meta_Master_Code_inprogess" name="analyseURLs" time="0.872"/>
  <testcase classname="Test_Case.Meta_Master_Code_inprogess" name="analyseURLs" time="1.235"/>
  <testcase classname="Test_Case.Meta_Master_Code_inprogess" name="analyseURLs" time="1.171"/>
  <testcase classname="Test_Case.Meta_Master_Code_inprogess" name="analyseURLs" time="1.127"/>
  <testcase classname="Test_Case.Meta_Master_Code_inprogess" name="analyseURLs" time="1.275"/>
  <testcase classname="Test_Case.Meta_Master_Code_inprogess" name="analyseURLs" time="1.215"/>
  <testcase classname="Test_Case.Meta_Master_Code_inprogess" name="analyseURLs" time="1.234"/>
  <testcase classname="Test_Case.Meta_Master_Code_inprogess" name="analyseURLs" time="1.132"/>
  <testcase classname="Test_Case.Meta_Master_Code_inprogess" name="analyseURLs" time="1.072"/>
  <testcase classname="Test_Case.Meta_Master_Code_inprogess" name="analyseURLs" time="1.227"/>
  <testcase classname="Test_Case.Meta_Master_Code_inprogess" name="analyseURLs" time="1.156"/>
  <testcase classname="Test_Case.Meta_Master_Code_inprogess" name="analyseURLs" time="2.320"/>
  <testcase classname="Test_Case.Meta_Master_Code_inprogess" name="analyseURLs" time="1.330"/>
  <testcase classname="Test_Case.Meta_Master_Code_inprogess" name="analyseURLs" time="1.262"/>
  <testcase classname="Test_Case.Meta_Master_Code_inprogess" name="analyseURLs" time="1.170"/>
  <testcase classname="Test_Case.Meta_Master_Code_inprogess" name="analyseURLs" time="1.314"/>
  <testcase classname="Test_Case.Meta_Master_Code_inprogess" name="analyseURLs" time="1.114"/>
  <testcase classname="Test_Case.Meta_Master_Code_inprogess" name="analyseURLs" time="1.249"/>
  <testcase classname="Test_Case.Meta_Master_Code_inprogess" name="analyseURLs" time="1.346"/>
  <testcase classname="Test_Case.Meta_Master_Code_inprogess" name="analyseURLs" time="1.189"/>
  <testcase classname="Test_Case.Meta_Master_Code_inprogess" name="analyseURLs" time="1.133"/>
  <testcase classname="Test_Case.Meta_Master_Code_inprogess" name="analyseURLs" time="1.384"/>
  <testcase classname="Test_Case.Meta_Master_Code_inprogess" name="analyseURLs" time="1.247"/>
  <testcase classname="Test_Case.Meta_Master_Code_inprogess" name="analyseURLs" time="1.264"/>
  <testcase classname="Test_Case.Meta_Master_Code_inprogess" name="analyseURLs" time="1.343"/>
  <testcase classname="Test_Case.Meta_Master_Code_inprogess" name="analyseURLs" time="1.380"/>
  <testcase classname="Test_Case.Meta_Master_Code_inprogess" name="analyseURLs" time="1.166"/>
  <testcase classname="Test_Case.Meta_Master_Code_inprogess" name="analyseURLs" time="1.068"/>
  <testcase classname="Test_Case.Meta_Master_Code_inprogess" name="analyseURLs" time="1.286"/>
  <testcase classname="Test_Case.Meta_Master_Code_inprogess" name="analyseURLs" time="1.186"/>
  <testcase classname="Test_Case.Meta_Master_Code_inprogess" name="analyseURLs" time="1.162"/>
  <testcase classname="Test_Case.Meta_Master_Code_inprogess" name="analyseURLs" time="1.378"/>
  <testcase classname="Test_Case.Meta_Master_Code_inprogess" name="analyseURLs" time="1.264"/>
  <testcase classname="Test_Case.Meta_Master_Code_inprogess" name="analyseURLs" time="1.362"/>
  <testcase classname="Test_Case.Meta_Master_Code_inprogess" name="analyseURLs" time="1.151"/>
  <testcase classname="Test_Case.Meta_Master_Code_inprogess" name="analyseURLs" time="1.514"/>
  <testcase classname="Test_Case.Meta_Master_Code_inprogess" name="analyseURLs" time="1.421"/>
  <testcase classname="Test_Case.Meta_Master_Code_inprogess" name="analyseURLs" time="1.149"/>
  <testcase classname="Test_Case.Meta_Master_Code_inprogess" name="analyseURLs" time="1.154"/>
  <testcase classname="Test_Case.Meta_Master_Code_inprogess" name="analyseURLs" time="1.487"/>
  <testcase classname="Test_Case.Meta_Master_Code_inprogess" name="analyseURLs" time="1.046"/>
  <testcase classname="Test_Case.Meta_Master_Code_inprogess" name="analyseURLs" time="1.282"/>
  <testcase classname="Test_Case.Meta_Master_Code_inprogess" name="analyseURLs" time="1.131"/>
  <testcase classname="Test_Case.Meta_Master_Code_inprogess" name="analyseURLs" time="1.225"/>
  <testcase classname="Test_Case.Meta_Master_Code_inprogess" name="analyseURLs" time="1.616"/>
  <testcase classname="Test_Case.Meta_Master_Code_inprogess" name="analyseURLs" time="1.137"/>
  <testcase classname="Test_Case.Meta_Master_Code_inprogess" name="analyseURLs" time="1.231"/>
  <testcase classname="Test_Case.Meta_Master_Code_inprogess" name="analyseURLs" time="1.314"/>
  <testcase classname="Test_Case.Meta_Master_Code_inprogess" name="analyseURLs" time="1.154"/>
  <testcase classname="Test_Case.Meta_Master_Code_inprogess" name="analyseURLs" time="1.409"/>
  <testcase classname="Test_Case.Meta_Master_Code_inprogess" name="analyseURLs" time="1.271"/>
  <testcase classname="Test_Case.Meta_Master_Code_inprogess" name="analyseURLs" time="1.261"/>
  <testcase classname="Test_Case.Meta_Master_Code_inprogess" name="analyseURLs" time="1.567"/>
  <testcase classname="Test_Case.Meta_Master_Code_inprogess" name="analyseURLs" time="1.266"/>
  <testcase classname="Test_Case.Meta_Master_Code_inprogess" name="analyseURLs" time="1.254"/>
  <testcase classname="Test_Case.Meta_Master_Code_inprogess" name="analyseURLs" time="1.273"/>
  <testcase classname="Test_Case.Meta_Master_Code_inprogess" name="analyseURLs" time="1.315"/>
  <testcase classname="Test_Case.Meta_Master_Code_inprogess" name="analyseURLs" time="1.244"/>
  <testcase classname="Test_Case.Meta_Master_Code_inprogess" name="analyseURLs" time="1.189"/>
  <testcase classname="Test_Case.Meta_Master_Code_inprogess" name="analyseURLs" time="1.254"/>
  <testcase classname="Test_Case.Meta_Master_Code_inprogess" name="analyseURLs" time="1.432"/>
  <testcase classname="Test_Case.Meta_Master_Code_inprogess" name="analyseURLs" time="1.429"/>
  <testcase classname="Test_Case.Meta_Master_Code_inprogess" name="analyseURLs" time="1.651"/>
  <testcase classname="Test_Case.Meta_Master_Code_inprogess" name="analyseURLs" time="1.162"/>
  <testcase classname="Test_Case.Meta_Master_Code_inprogess" name="analyseURLs" time="1.264"/>
  <testcase classname="Test_Case.Meta_Master_Code_inprogess" name="analyseURLs" time="1.255"/>
  <testcase classname="Test_Case.Meta_Master_Code_inprogess" name="analyseURLs" time="1.118"/>
  <testcase classname="Test_Case.Meta_Master_Code_inprogess" name="analyseURLs" time="1.111"/>
  <testcase classname="Test_Case.Meta_Master_Code_inprogess" name="analyseURLs" time="1.145"/>
  <testcase classname="Test_Case.Meta_Master_Code_inprogess" name="analyseURLs" time="1.143"/>
  <testcase classname="Test_Case.Meta_Master_Code_inprogess" name="analyseURLs" time="1.300"/>
  <testcase classname="Test_Case.Meta_Master_Code_inprogess" name="analyseURLs" time="1.417"/>
  <testcase classname="Test_Case.Meta_Master_Code_inprogess" name="analyseURLs" time="1.436"/>
  <testcase classname="Test_Case.Meta_Master_Code_inprogess" name="analyseURLs" time="1.334"/>
  <testcase classname="Test_Case.Meta_Master_Code_inprogess" name="analyseURLs" time="1.107"/>
  <testcase classname="Test_Case.Meta_Master_Code_inprogess" name="analyseURLs" time="1.168"/>
  <testcase classname="Test_Case.Meta_Master_Code_inprogess" name="analyseURLs" time="1.018"/>
  <testcase classname="Test_Case.Meta_Master_Code_inprogess" name="analyseURLs" time="1.112"/>
  <testcase classname="Test_Case.Meta_Master_Code_inprogess" name="analyseURLs" time="1.269"/>
  <testcase classname="Test_Case.Meta_Master_Code_inprogess" name="analyseURLs" time="1.226"/>
  <testcase classname="Test_Case.Meta_Master_Code_inprogess" name="analyseURLs" time="1.152"/>
  <testcase classname="Test_Case.Meta_Master_Code_inprogess" name="analyseURLs" time="1.128"/>
  <testcase classname="Test_Case.Meta_Master_Code_inprogess" name="analyseURLs" time="1.092"/>
  <testcase classname="Test_Case.Meta_Master_Code_inprogess" name="analyseURLs" time="1.215"/>
  <testcase classname="Test_Case.Meta_Master_Code_inprogess" name="analyseURLs" time="1.267"/>
  <testcase classname="Test_Case.Meta_Master_Code_inprogess" name="analyseURLs" time="1.203"/>
  <testcase classname="Test_Case.Meta_Master_Code_inprogess" name="analyseURLs" time="1.421"/>
  <testcase classname="Test_Case.Meta_Master_Code_inprogess" name="analyseURLs" time="1.166"/>
  <testcase classname="Test_Case.Meta_Master_Code_inprogess" name="analyseURLs" time="1.258"/>
  <testcase classname="Test_Case.Meta_Master_Code_inprogess" name="analyseURLs" time="1.138"/>
  <testcase classname="Test_Case.Meta_Master_Code_inprogess" name="analyseURLs" time="1.225"/>
  <testcase classname="Test_Case.Meta_Master_Code_inprogess" name="analyseURLs" time="1.129"/>
  <testcase classname="Test_Case.Meta_Master_Code_inprogess" name="analyseURLs" time="1.258"/>
  <testcase classname="Test_Case.Meta_Master_Code_inprogess" name="analyseURLs" time="1.206"/>
  <testcase classname="Test_Case.Meta_Master_Code_inprogess" name="analyseURLs" time="1.254"/>
  <testcase classname="Test_Case.Meta_Master_Code_inprogess" name="analyseURLs" time="1.343"/>
  <testcase classname="Test_Case.Meta_Master_Code_inprogess" name="analyseURLs" time="1.244"/>
  <testcase classname="Test_Case.Meta_Master_Code_inprogess" name="analyseURLs" time="1.190"/>
  <testcase classname="Test_Case.Meta_Master_Code_inprogess" name="analyseURLs" time="1.077"/>
  <testcase classname="Test_Case.Meta_Master_Code_inprogess" name="analyseURLs" time="1.189"/>
  <testcase classname="Test_Case.Meta_Master_Code_inprogess" name="analyseURLs" time="1.347"/>
  <testcase classname="Test_Case.Meta_Master_Code_inprogess" name="analyseURLs" time="1.152"/>
  <testcase classname="Test_Case.Meta_Master_Code_inprogess" name="analyseURLs" time="1.169"/>
  <testcase classname="Test_Case.Meta_Master_Code_inprogess" name="deleteExcelIfNoSheet" time="0.006"/>
</testsuite> <!-- Test_Case.Meta_Master_Code_inprogess -->
