<?xml version="1.0" encoding="UTF-8"?>
<!-- Generated by org.testng.reporters.JUnitReportReporter -->
<testsuite hostname="DESKTOP-SKRGRIP" failures="0" tests="51" name="Test_Case.Meta_Master_Code" time="400.564" errors="0" timestamp="2025-07-14T18:04:34 IST" skipped="0">
  <testcase classname="Test_Case.Meta_Master_Code" name="Fetchdata" time="324.281"/>
  <testcase classname="Test_Case.Meta_Master_Code" name="analyseURLs" time="1.654"/>
  <testcase classname="Test_Case.Meta_Master_Code" name="analyseURLs" time="1.524"/>
  <testcase classname="Test_Case.Meta_Master_Code" name="analyseURLs" time="1.467"/>
  <testcase classname="Test_Case.Meta_Master_Code" name="analyseURLs" time="1.330"/>
  <testcase classname="Test_Case.Meta_Master_Code" name="analyseURLs" time="1.435"/>
  <testcase classname="Test_Case.Meta_Master_Code" name="analyseURLs" time="1.363"/>
  <testcase classname="Test_Case.Meta_Master_Code" name="analyseURLs" time="1.417"/>
  <testcase classname="Test_Case.Meta_Master_Code" name="analyseURLs" time="1.442"/>
  <testcase classname="Test_Case.Meta_Master_Code" name="analyseURLs" time="1.370"/>
  <testcase classname="Test_Case.Meta_Master_Code" name="analyseURLs" time="1.477"/>
  <testcase classname="Test_Case.Meta_Master_Code" name="analyseURLs" time="1.355"/>
  <testcase classname="Test_Case.Meta_Master_Code" name="analyseURLs" time="1.479"/>
  <testcase classname="Test_Case.Meta_Master_Code" name="analyseURLs" time="1.461"/>
  <testcase classname="Test_Case.Meta_Master_Code" name="analyseURLs" time="1.453"/>
  <testcase classname="Test_Case.Meta_Master_Code" name="analyseURLs" time="1.288"/>
  <testcase classname="Test_Case.Meta_Master_Code" name="analyseURLs" time="3.831"/>
  <testcase classname="Test_Case.Meta_Master_Code" name="analyseURLs" time="1.359"/>
  <testcase classname="Test_Case.Meta_Master_Code" name="analyseURLs" time="1.404"/>
  <testcase classname="Test_Case.Meta_Master_Code" name="analyseURLs" time="1.352"/>
  <testcase classname="Test_Case.Meta_Master_Code" name="analyseURLs" time="1.553"/>
  <testcase classname="Test_Case.Meta_Master_Code" name="analyseURLs" time="1.458"/>
  <testcase classname="Test_Case.Meta_Master_Code" name="analyseURLs" time="3.491"/>
  <testcase classname="Test_Case.Meta_Master_Code" name="analyseURLs" time="1.722"/>
  <testcase classname="Test_Case.Meta_Master_Code" name="analyseURLs" time="1.451"/>
  <testcase classname="Test_Case.Meta_Master_Code" name="analyseURLs" time="1.443"/>
  <testcase classname="Test_Case.Meta_Master_Code" name="analyseURLs" time="1.378"/>
  <testcase classname="Test_Case.Meta_Master_Code" name="analyseURLs" time="1.360"/>
  <testcase classname="Test_Case.Meta_Master_Code" name="analyseURLs" time="1.312"/>
  <testcase classname="Test_Case.Meta_Master_Code" name="analyseURLs" time="1.636"/>
  <testcase classname="Test_Case.Meta_Master_Code" name="analyseURLs" time="1.443"/>
  <testcase classname="Test_Case.Meta_Master_Code" name="analyseURLs" time="1.425"/>
  <testcase classname="Test_Case.Meta_Master_Code" name="analyseURLs" time="1.436"/>
  <testcase classname="Test_Case.Meta_Master_Code" name="analyseURLs" time="1.358"/>
  <testcase classname="Test_Case.Meta_Master_Code" name="analyseURLs" time="1.276"/>
  <testcase classname="Test_Case.Meta_Master_Code" name="analyseURLs" time="1.474"/>
  <testcase classname="Test_Case.Meta_Master_Code" name="analyseURLs" time="1.450"/>
  <testcase classname="Test_Case.Meta_Master_Code" name="analyseURLs" time="1.379"/>
  <testcase classname="Test_Case.Meta_Master_Code" name="analyseURLs" time="1.411"/>
  <testcase classname="Test_Case.Meta_Master_Code" name="analyseURLs" time="1.565"/>
  <testcase classname="Test_Case.Meta_Master_Code" name="analyseURLs" time="1.482"/>
  <testcase classname="Test_Case.Meta_Master_Code" name="analyseURLs" time="1.376"/>
  <testcase classname="Test_Case.Meta_Master_Code" name="analyseURLs" time="1.487"/>
  <testcase classname="Test_Case.Meta_Master_Code" name="analyseURLs" time="1.431"/>
  <testcase classname="Test_Case.Meta_Master_Code" name="analyseURLs" time="1.477"/>
  <testcase classname="Test_Case.Meta_Master_Code" name="analyseURLs" time="1.370"/>
  <testcase classname="Test_Case.Meta_Master_Code" name="analyseURLs" time="2.767"/>
  <testcase classname="Test_Case.Meta_Master_Code" name="analyseURLs" time="1.457"/>
  <testcase classname="Test_Case.Meta_Master_Code" name="analyseURLs" time="1.373"/>
  <testcase classname="Test_Case.Meta_Master_Code" name="analyseURLs" time="1.563"/>
  <testcase classname="Test_Case.Meta_Master_Code" name="deleteExcelIfNoSheet" time="0.018"/>
</testsuite> <!-- Test_Case.Meta_Master_Code -->
