<?xml version="1.0" encoding="UTF-8"?>
<!-- Generated by org.testng.reporters.JUnitReportReporter -->
<testsuite hostname="DESKTOP-SKRGRIP" failures="0" tests="142" name="Test_Case.Meta_Master_Code_inprogess" time="360.255" errors="0" timestamp="2025-06-24T15:58:14 IST" skipped="0">
  <testcase classname="Test_Case.Meta_Master_Code_inprogess" name="Fetchdata" time="176.752"/>
  <testcase classname="Test_Case.Meta_Master_Code_inprogess" name="analyseURLs" time="2.407"/>
  <testcase classname="Test_Case.Meta_Master_Code_inprogess" name="analyseURLs" time="1.101"/>
  <testcase classname="Test_Case.Meta_Master_Code_inprogess" name="analyseURLs" time="1.564"/>
  <testcase classname="Test_Case.Meta_Master_Code_inprogess" name="analyseURLs" time="1.394"/>
  <testcase classname="Test_Case.Meta_Master_Code_inprogess" name="analyseURLs" time="1.157"/>
  <testcase classname="Test_Case.Meta_Master_Code_inprogess" name="analyseURLs" time="1.200"/>
  <testcase classname="Test_Case.Meta_Master_Code_inprogess" name="analyseURLs" time="1.139"/>
  <testcase classname="Test_Case.Meta_Master_Code_inprogess" name="analyseURLs" time="1.131"/>
  <testcase classname="Test_Case.Meta_Master_Code_inprogess" name="analyseURLs" time="1.736"/>
  <testcase classname="Test_Case.Meta_Master_Code_inprogess" name="analyseURLs" time="1.466"/>
  <testcase classname="Test_Case.Meta_Master_Code_inprogess" name="analyseURLs" time="1.195"/>
  <testcase classname="Test_Case.Meta_Master_Code_inprogess" name="analyseURLs" time="1.108"/>
  <testcase classname="Test_Case.Meta_Master_Code_inprogess" name="analyseURLs" time="1.516"/>
  <testcase classname="Test_Case.Meta_Master_Code_inprogess" name="analyseURLs" time="1.249"/>
  <testcase classname="Test_Case.Meta_Master_Code_inprogess" name="analyseURLs" time="1.215"/>
  <testcase classname="Test_Case.Meta_Master_Code_inprogess" name="analyseURLs" time="1.108"/>
  <testcase classname="Test_Case.Meta_Master_Code_inprogess" name="analyseURLs" time="1.172"/>
  <testcase classname="Test_Case.Meta_Master_Code_inprogess" name="analyseURLs" time="1.205"/>
  <testcase classname="Test_Case.Meta_Master_Code_inprogess" name="analyseURLs" time="1.262"/>
  <testcase classname="Test_Case.Meta_Master_Code_inprogess" name="analyseURLs" time="1.109"/>
  <testcase classname="Test_Case.Meta_Master_Code_inprogess" name="analyseURLs" time="1.086"/>
  <testcase classname="Test_Case.Meta_Master_Code_inprogess" name="analyseURLs" time="1.701"/>
  <testcase classname="Test_Case.Meta_Master_Code_inprogess" name="analyseURLs" time="1.141"/>
  <testcase classname="Test_Case.Meta_Master_Code_inprogess" name="analyseURLs" time="1.272"/>
  <testcase classname="Test_Case.Meta_Master_Code_inprogess" name="analyseURLs" time="1.196"/>
  <testcase classname="Test_Case.Meta_Master_Code_inprogess" name="analyseURLs" time="1.267"/>
  <testcase classname="Test_Case.Meta_Master_Code_inprogess" name="analyseURLs" time="1.103"/>
  <testcase classname="Test_Case.Meta_Master_Code_inprogess" name="analyseURLs" time="1.185"/>
  <testcase classname="Test_Case.Meta_Master_Code_inprogess" name="analyseURLs" time="2.734"/>
  <testcase classname="Test_Case.Meta_Master_Code_inprogess" name="analyseURLs" time="1.268"/>
  <testcase classname="Test_Case.Meta_Master_Code_inprogess" name="analyseURLs" time="1.192"/>
  <testcase classname="Test_Case.Meta_Master_Code_inprogess" name="analyseURLs" time="1.188"/>
  <testcase classname="Test_Case.Meta_Master_Code_inprogess" name="analyseURLs" time="1.166"/>
  <testcase classname="Test_Case.Meta_Master_Code_inprogess" name="analyseURLs" time="1.249"/>
  <testcase classname="Test_Case.Meta_Master_Code_inprogess" name="analyseURLs" time="1.452"/>
  <testcase classname="Test_Case.Meta_Master_Code_inprogess" name="analyseURLs" time="1.160"/>
  <testcase classname="Test_Case.Meta_Master_Code_inprogess" name="analyseURLs" time="1.180"/>
  <testcase classname="Test_Case.Meta_Master_Code_inprogess" name="analyseURLs" time="1.092"/>
  <testcase classname="Test_Case.Meta_Master_Code_inprogess" name="analyseURLs" time="1.164"/>
  <testcase classname="Test_Case.Meta_Master_Code_inprogess" name="analyseURLs" time="1.065"/>
  <testcase classname="Test_Case.Meta_Master_Code_inprogess" name="analyseURLs" time="1.189"/>
  <testcase classname="Test_Case.Meta_Master_Code_inprogess" name="analyseURLs" time="1.522"/>
  <testcase classname="Test_Case.Meta_Master_Code_inprogess" name="analyseURLs" time="1.377"/>
  <testcase classname="Test_Case.Meta_Master_Code_inprogess" name="analyseURLs" time="1.142"/>
  <testcase classname="Test_Case.Meta_Master_Code_inprogess" name="analyseURLs" time="1.214"/>
  <testcase classname="Test_Case.Meta_Master_Code_inprogess" name="analyseURLs" time="1.179"/>
  <testcase classname="Test_Case.Meta_Master_Code_inprogess" name="analyseURLs" time="1.175"/>
  <testcase classname="Test_Case.Meta_Master_Code_inprogess" name="analyseURLs" time="1.115"/>
  <testcase classname="Test_Case.Meta_Master_Code_inprogess" name="analyseURLs" time="1.202"/>
  <testcase classname="Test_Case.Meta_Master_Code_inprogess" name="analyseURLs" time="1.139"/>
  <testcase classname="Test_Case.Meta_Master_Code_inprogess" name="analyseURLs" time="1.724"/>
  <testcase classname="Test_Case.Meta_Master_Code_inprogess" name="analyseURLs" time="1.183"/>
  <testcase classname="Test_Case.Meta_Master_Code_inprogess" name="analyseURLs" time="1.360"/>
  <testcase classname="Test_Case.Meta_Master_Code_inprogess" name="analyseURLs" time="1.134"/>
  <testcase classname="Test_Case.Meta_Master_Code_inprogess" name="analyseURLs" time="1.116"/>
  <testcase classname="Test_Case.Meta_Master_Code_inprogess" name="analyseURLs" time="1.195"/>
  <testcase classname="Test_Case.Meta_Master_Code_inprogess" name="analyseURLs" time="2.144"/>
  <testcase classname="Test_Case.Meta_Master_Code_inprogess" name="analyseURLs" time="1.118"/>
  <testcase classname="Test_Case.Meta_Master_Code_inprogess" name="analyseURLs" time="1.405"/>
  <testcase classname="Test_Case.Meta_Master_Code_inprogess" name="analyseURLs" time="1.255"/>
  <testcase classname="Test_Case.Meta_Master_Code_inprogess" name="analyseURLs" time="1.239"/>
  <testcase classname="Test_Case.Meta_Master_Code_inprogess" name="analyseURLs" time="1.186"/>
  <testcase classname="Test_Case.Meta_Master_Code_inprogess" name="analyseURLs" time="2.019"/>
  <testcase classname="Test_Case.Meta_Master_Code_inprogess" name="analyseURLs" time="1.005"/>
  <testcase classname="Test_Case.Meta_Master_Code_inprogess" name="analyseURLs" time="1.384"/>
  <testcase classname="Test_Case.Meta_Master_Code_inprogess" name="analyseURLs" time="1.314"/>
  <testcase classname="Test_Case.Meta_Master_Code_inprogess" name="analyseURLs" time="1.379"/>
  <testcase classname="Test_Case.Meta_Master_Code_inprogess" name="analyseURLs" time="1.152"/>
  <testcase classname="Test_Case.Meta_Master_Code_inprogess" name="analyseURLs" time="1.412"/>
  <testcase classname="Test_Case.Meta_Master_Code_inprogess" name="analyseURLs" time="1.157"/>
  <testcase classname="Test_Case.Meta_Master_Code_inprogess" name="analyseURLs" time="1.501"/>
  <testcase classname="Test_Case.Meta_Master_Code_inprogess" name="analyseURLs" time="1.229"/>
  <testcase classname="Test_Case.Meta_Master_Code_inprogess" name="analyseURLs" time="1.576"/>
  <testcase classname="Test_Case.Meta_Master_Code_inprogess" name="analyseURLs" time="1.604"/>
  <testcase classname="Test_Case.Meta_Master_Code_inprogess" name="analyseURLs" time="1.203"/>
  <testcase classname="Test_Case.Meta_Master_Code_inprogess" name="analyseURLs" time="2.644"/>
  <testcase classname="Test_Case.Meta_Master_Code_inprogess" name="analyseURLs" time="1.560"/>
  <testcase classname="Test_Case.Meta_Master_Code_inprogess" name="analyseURLs" time="1.265"/>
  <testcase classname="Test_Case.Meta_Master_Code_inprogess" name="analyseURLs" time="1.511"/>
  <testcase classname="Test_Case.Meta_Master_Code_inprogess" name="analyseURLs" time="1.083"/>
  <testcase classname="Test_Case.Meta_Master_Code_inprogess" name="analyseURLs" time="1.081"/>
  <testcase classname="Test_Case.Meta_Master_Code_inprogess" name="analyseURLs" time="1.200"/>
  <testcase classname="Test_Case.Meta_Master_Code_inprogess" name="analyseURLs" time="1.421"/>
  <testcase classname="Test_Case.Meta_Master_Code_inprogess" name="analyseURLs" time="1.206"/>
  <testcase classname="Test_Case.Meta_Master_Code_inprogess" name="analyseURLs" time="1.137"/>
  <testcase classname="Test_Case.Meta_Master_Code_inprogess" name="analyseURLs" time="1.070"/>
  <testcase classname="Test_Case.Meta_Master_Code_inprogess" name="analyseURLs" time="1.174"/>
  <testcase classname="Test_Case.Meta_Master_Code_inprogess" name="analyseURLs" time="1.136"/>
  <testcase classname="Test_Case.Meta_Master_Code_inprogess" name="analyseURLs" time="1.753"/>
  <testcase classname="Test_Case.Meta_Master_Code_inprogess" name="analyseURLs" time="1.273"/>
  <testcase classname="Test_Case.Meta_Master_Code_inprogess" name="analyseURLs" time="1.159"/>
  <testcase classname="Test_Case.Meta_Master_Code_inprogess" name="analyseURLs" time="1.167"/>
  <testcase classname="Test_Case.Meta_Master_Code_inprogess" name="analyseURLs" time="1.587"/>
  <testcase classname="Test_Case.Meta_Master_Code_inprogess" name="analyseURLs" time="1.185"/>
  <testcase classname="Test_Case.Meta_Master_Code_inprogess" name="analyseURLs" time="1.216"/>
  <testcase classname="Test_Case.Meta_Master_Code_inprogess" name="analyseURLs" time="1.491"/>
  <testcase classname="Test_Case.Meta_Master_Code_inprogess" name="analyseURLs" time="1.266"/>
  <testcase classname="Test_Case.Meta_Master_Code_inprogess" name="analyseURLs" time="1.286"/>
  <testcase classname="Test_Case.Meta_Master_Code_inprogess" name="analyseURLs" time="1.147"/>
  <testcase classname="Test_Case.Meta_Master_Code_inprogess" name="analyseURLs" time="1.168"/>
  <testcase classname="Test_Case.Meta_Master_Code_inprogess" name="analyseURLs" time="1.619"/>
  <testcase classname="Test_Case.Meta_Master_Code_inprogess" name="analyseURLs" time="1.215"/>
  <testcase classname="Test_Case.Meta_Master_Code_inprogess" name="analyseURLs" time="1.099"/>
  <testcase classname="Test_Case.Meta_Master_Code_inprogess" name="analyseURLs" time="1.209"/>
  <testcase classname="Test_Case.Meta_Master_Code_inprogess" name="analyseURLs" time="1.135"/>
  <testcase classname="Test_Case.Meta_Master_Code_inprogess" name="analyseURLs" time="1.562"/>
  <testcase classname="Test_Case.Meta_Master_Code_inprogess" name="analyseURLs" time="1.128"/>
  <testcase classname="Test_Case.Meta_Master_Code_inprogess" name="analyseURLs" time="1.085"/>
  <testcase classname="Test_Case.Meta_Master_Code_inprogess" name="analyseURLs" time="1.233"/>
  <testcase classname="Test_Case.Meta_Master_Code_inprogess" name="analyseURLs" time="1.246"/>
  <testcase classname="Test_Case.Meta_Master_Code_inprogess" name="analyseURLs" time="1.209"/>
  <testcase classname="Test_Case.Meta_Master_Code_inprogess" name="analyseURLs" time="1.157"/>
  <testcase classname="Test_Case.Meta_Master_Code_inprogess" name="analyseURLs" time="1.302"/>
  <testcase classname="Test_Case.Meta_Master_Code_inprogess" name="analyseURLs" time="1.659"/>
  <testcase classname="Test_Case.Meta_Master_Code_inprogess" name="analyseURLs" time="1.159"/>
  <testcase classname="Test_Case.Meta_Master_Code_inprogess" name="analyseURLs" time="1.192"/>
  <testcase classname="Test_Case.Meta_Master_Code_inprogess" name="analyseURLs" time="1.283"/>
  <testcase classname="Test_Case.Meta_Master_Code_inprogess" name="analyseURLs" time="1.117"/>
  <testcase classname="Test_Case.Meta_Master_Code_inprogess" name="analyseURLs" time="1.193"/>
  <testcase classname="Test_Case.Meta_Master_Code_inprogess" name="analyseURLs" time="1.491"/>
  <testcase classname="Test_Case.Meta_Master_Code_inprogess" name="analyseURLs" time="1.109"/>
  <testcase classname="Test_Case.Meta_Master_Code_inprogess" name="analyseURLs" time="1.169"/>
  <testcase classname="Test_Case.Meta_Master_Code_inprogess" name="analyseURLs" time="1.795"/>
  <testcase classname="Test_Case.Meta_Master_Code_inprogess" name="analyseURLs" time="1.149"/>
  <testcase classname="Test_Case.Meta_Master_Code_inprogess" name="analyseURLs" time="1.167"/>
  <testcase classname="Test_Case.Meta_Master_Code_inprogess" name="analyseURLs" time="1.305"/>
  <testcase classname="Test_Case.Meta_Master_Code_inprogess" name="analyseURLs" time="1.298"/>
  <testcase classname="Test_Case.Meta_Master_Code_inprogess" name="analyseURLs" time="1.646"/>
  <testcase classname="Test_Case.Meta_Master_Code_inprogess" name="analyseURLs" time="1.213"/>
  <testcase classname="Test_Case.Meta_Master_Code_inprogess" name="analyseURLs" time="1.121"/>
  <testcase classname="Test_Case.Meta_Master_Code_inprogess" name="analyseURLs" time="1.267"/>
  <testcase classname="Test_Case.Meta_Master_Code_inprogess" name="analyseURLs" time="1.167"/>
  <testcase classname="Test_Case.Meta_Master_Code_inprogess" name="analyseURLs" time="1.405"/>
  <testcase classname="Test_Case.Meta_Master_Code_inprogess" name="analyseURLs" time="1.156"/>
  <testcase classname="Test_Case.Meta_Master_Code_inprogess" name="analyseURLs" time="1.317"/>
  <testcase classname="Test_Case.Meta_Master_Code_inprogess" name="analyseURLs" time="1.097"/>
  <testcase classname="Test_Case.Meta_Master_Code_inprogess" name="analyseURLs" time="1.201"/>
  <testcase classname="Test_Case.Meta_Master_Code_inprogess" name="analyseURLs" time="1.113"/>
  <testcase classname="Test_Case.Meta_Master_Code_inprogess" name="analyseURLs" time="1.131"/>
  <testcase classname="Test_Case.Meta_Master_Code_inprogess" name="analyseURLs" time="1.128"/>
  <testcase classname="Test_Case.Meta_Master_Code_inprogess" name="analyseURLs" time="1.527"/>
</testsuite> <!-- Test_Case.Meta_Master_Code_inprogess -->
