<?xml version="1.0" encoding="UTF-8"?>
<!-- Generated by org.testng.reporters.JUnitReportReporter -->
<testsuite hostname="DESKTOP-SKRGRIP" failures="0" tests="32" name="Test_Case.Meta_Master_Code" time="82.055" errors="0" timestamp="2025-06-24T17:10:20 IST" skipped="0">
  <testcase classname="Test_Case.Meta_Master_Code" name="Fetchdata" time="43.565"/>
  <testcase classname="Test_Case.Meta_Master_Code" name="analyseURLs" time="1.146"/>
  <testcase classname="Test_Case.Meta_Master_Code" name="analyseURLs" time="1.260"/>
  <testcase classname="Test_Case.Meta_Master_Code" name="analyseURLs" time="1.182"/>
  <testcase classname="Test_Case.Meta_Master_Code" name="analyseURLs" time="1.484"/>
  <testcase classname="Test_Case.Meta_Master_Code" name="analyseURLs" time="1.152"/>
  <testcase classname="Test_Case.Meta_Master_Code" name="analyseURLs" time="2.215"/>
  <testcase classname="Test_Case.Meta_Master_Code" name="analyseURLs" time="1.129"/>
  <testcase classname="Test_Case.Meta_Master_Code" name="analyseURLs" time="1.070"/>
  <testcase classname="Test_Case.Meta_Master_Code" name="analyseURLs" time="1.418"/>
  <testcase classname="Test_Case.Meta_Master_Code" name="analyseURLs" time="1.412"/>
  <testcase classname="Test_Case.Meta_Master_Code" name="analyseURLs" time="1.314"/>
  <testcase classname="Test_Case.Meta_Master_Code" name="analyseURLs" time="1.188"/>
  <testcase classname="Test_Case.Meta_Master_Code" name="analyseURLs" time="1.110"/>
  <testcase classname="Test_Case.Meta_Master_Code" name="analyseURLs" time="1.324"/>
  <testcase classname="Test_Case.Meta_Master_Code" name="analyseURLs" time="1.270"/>
  <testcase classname="Test_Case.Meta_Master_Code" name="analyseURLs" time="1.105"/>
  <testcase classname="Test_Case.Meta_Master_Code" name="analyseURLs" time="1.131"/>
  <testcase classname="Test_Case.Meta_Master_Code" name="analyseURLs" time="1.207"/>
  <testcase classname="Test_Case.Meta_Master_Code" name="analyseURLs" time="1.247"/>
  <testcase classname="Test_Case.Meta_Master_Code" name="analyseURLs" time="1.087"/>
  <testcase classname="Test_Case.Meta_Master_Code" name="analyseURLs" time="1.328"/>
  <testcase classname="Test_Case.Meta_Master_Code" name="analyseURLs" time="1.371"/>
  <testcase classname="Test_Case.Meta_Master_Code" name="analyseURLs" time="1.754"/>
  <testcase classname="Test_Case.Meta_Master_Code" name="analyseURLs" time="1.224"/>
  <testcase classname="Test_Case.Meta_Master_Code" name="analyseURLs" time="1.135"/>
  <testcase classname="Test_Case.Meta_Master_Code" name="analyseURLs" time="1.127"/>
  <testcase classname="Test_Case.Meta_Master_Code" name="analyseURLs" time="1.473"/>
  <testcase classname="Test_Case.Meta_Master_Code" name="analyseURLs" time="1.368"/>
  <testcase classname="Test_Case.Meta_Master_Code" name="analyseURLs" time="1.164"/>
  <testcase classname="Test_Case.Meta_Master_Code" name="analyseURLs" time="1.077"/>
  <testcase classname="Test_Case.Meta_Master_Code" name="deleteExcelIfNoSheet" time="0.018"/>
</testsuite> <!-- Test_Case.Meta_Master_Code -->
