<?xml version="1.0" encoding="UTF-8"?>
<!-- Generated by org.testng.reporters.JUnitReportReporter -->
<testsuite hostname="DESKTOP-SKRGRIP" failures="0" tests="22" name="Test_Case.Meta_001" time="106.844" errors="0" timestamp="2025-06-17T18:27:34 IST" skipped="0">
  <testcase classname="Test_Case.Meta_001" name="Fetchdata" time="68.793"/>
  <testcase classname="Test_Case.Meta_001" name="analyseURLs" time="1.379"/>
  <testcase classname="Test_Case.Meta_001" name="analyseURLs" time="1.695"/>
  <testcase classname="Test_Case.Meta_001" name="analyseURLs" time="1.741"/>
  <testcase classname="Test_Case.Meta_001" name="analyseURLs" time="2.295"/>
  <testcase classname="Test_Case.Meta_001" name="analyseURLs" time="1.917"/>
  <testcase classname="Test_Case.Meta_001" name="analyseURLs" time="1.575"/>
  <testcase classname="Test_Case.Meta_001" name="analyseURLs" time="1.536"/>
  <testcase classname="Test_Case.Meta_001" name="analyseURLs" time="1.691"/>
  <testcase classname="Test_Case.Meta_001" name="analyseURLs" time="2.184"/>
  <testcase classname="Test_Case.Meta_001" name="analyseURLs" time="1.803"/>
  <testcase classname="Test_Case.Meta_001" name="analyseURLs" time="1.829"/>
  <testcase classname="Test_Case.Meta_001" name="analyseURLs" time="2.072"/>
  <testcase classname="Test_Case.Meta_001" name="analyseURLs" time="1.804"/>
  <testcase classname="Test_Case.Meta_001" name="analyseURLs" time="1.605"/>
  <testcase classname="Test_Case.Meta_001" name="analyseURLs" time="2.015"/>
  <testcase classname="Test_Case.Meta_001" name="analyseURLs" time="1.798"/>
  <testcase classname="Test_Case.Meta_001" name="analyseURLs" time="1.653"/>
  <testcase classname="Test_Case.Meta_001" name="analyseURLs" time="1.698"/>
  <testcase classname="Test_Case.Meta_001" name="analyseURLs" time="1.302"/>
  <testcase classname="Test_Case.Meta_001" name="analyseURLs" time="2.519"/>
  <testcase classname="Test_Case.Meta_001" name="analyseURLs" time="1.940"/>
</testsuite> <!-- Test_Case.Meta_001 -->
