<?xml version="1.0" encoding="UTF-8"?>
<!-- Generated by org.testng.reporters.JUnitReportReporter -->
<testsuite hostname="DESKTOP-SKRGRIP" failures="0" tests="38" name="Test_Case.Meta_Master_Code" time="144.548" errors="0" timestamp="2025-06-20T18:39:00 IST" skipped="0">
  <testcase classname="Test_Case.Meta_Master_Code" name="Fetchdata" time="77.483"/>
  <testcase classname="Test_Case.Meta_Master_Code" name="analyseURLs" time="1.573"/>
  <testcase classname="Test_Case.Meta_Master_Code" name="analyseURLs" time="1.221"/>
  <testcase classname="Test_Case.Meta_Master_Code" name="analyseURLs" time="1.287"/>
  <testcase classname="Test_Case.Meta_Master_Code" name="analyseURLs" time="1.256"/>
  <testcase classname="Test_Case.Meta_Master_Code" name="analyseURLs" time="1.578"/>
  <testcase classname="Test_Case.Meta_Master_Code" name="analyseURLs" time="1.309"/>
  <testcase classname="Test_Case.Meta_Master_Code" name="analyseURLs" time="1.237"/>
  <testcase classname="Test_Case.Meta_Master_Code" name="analyseURLs" time="1.255"/>
  <testcase classname="Test_Case.Meta_Master_Code" name="analyseURLs" time="1.286"/>
  <testcase classname="Test_Case.Meta_Master_Code" name="analyseURLs" time="1.250"/>
  <testcase classname="Test_Case.Meta_Master_Code" name="analyseURLs" time="1.257"/>
  <testcase classname="Test_Case.Meta_Master_Code" name="analyseURLs" time="1.272"/>
  <testcase classname="Test_Case.Meta_Master_Code" name="analyseURLs" time="1.237"/>
  <testcase classname="Test_Case.Meta_Master_Code" name="analyseURLs" time="2.092"/>
  <testcase classname="Test_Case.Meta_Master_Code" name="analyseURLs" time="4.569"/>
  <testcase classname="Test_Case.Meta_Master_Code" name="analyseURLs" time="1.344"/>
  <testcase classname="Test_Case.Meta_Master_Code" name="analyseURLs" time="1.354"/>
  <testcase classname="Test_Case.Meta_Master_Code" name="analyseURLs" time="1.237"/>
  <testcase classname="Test_Case.Meta_Master_Code" name="analyseURLs" time="1.355"/>
  <testcase classname="Test_Case.Meta_Master_Code" name="analyseURLs" time="1.304"/>
  <testcase classname="Test_Case.Meta_Master_Code" name="analyseURLs" time="13.813"/>
  <testcase classname="Test_Case.Meta_Master_Code" name="analyseURLs" time="1.321"/>
  <testcase classname="Test_Case.Meta_Master_Code" name="analyseURLs" time="1.540"/>
  <testcase classname="Test_Case.Meta_Master_Code" name="analyseURLs" time="3.091"/>
  <testcase classname="Test_Case.Meta_Master_Code" name="analyseURLs" time="1.317"/>
  <testcase classname="Test_Case.Meta_Master_Code" name="analyseURLs" time="1.321"/>
  <testcase classname="Test_Case.Meta_Master_Code" name="analyseURLs" time="1.216"/>
  <testcase classname="Test_Case.Meta_Master_Code" name="analyseURLs" time="1.666"/>
  <testcase classname="Test_Case.Meta_Master_Code" name="analyseURLs" time="1.220"/>
  <testcase classname="Test_Case.Meta_Master_Code" name="analyseURLs" time="1.305"/>
  <testcase classname="Test_Case.Meta_Master_Code" name="analyseURLs" time="1.288"/>
  <testcase classname="Test_Case.Meta_Master_Code" name="analyseURLs" time="1.468"/>
  <testcase classname="Test_Case.Meta_Master_Code" name="analyseURLs" time="1.176"/>
  <testcase classname="Test_Case.Meta_Master_Code" name="analyseURLs" time="1.238"/>
  <testcase classname="Test_Case.Meta_Master_Code" name="analyseURLs" time="1.304"/>
  <testcase classname="Test_Case.Meta_Master_Code" name="analyseURLs" time="1.221"/>
  <testcase classname="Test_Case.Meta_Master_Code" name="analyseURLs" time="1.287"/>
</testsuite> <!-- Test_Case.Meta_Master_Code -->
